
[
  {
    cards: [ "A", "A", "A", "A", "J" ],
    bid: 992,
    type: 7
  }, {
    cards: [ "A", "J", "J", "A", "A" ],
    bid: 464,
    type: 7
  }, {
    cards: [ "A", "J", "J", "A", "J" ],
    bid: 977,
    type: 7
  }, {
    cards: [ "K", "K", "J", "K", "K" ],
    bid: 674,
    type: 7
  }, {
    cards: [ "Q", "Q", "J", "Q", "Q" ],
    bid: 728,
    type: 7
  }, {
    cards: [ "Q", "J", "J", "Q", "Q" ],
    bid: 408,
    type: 7
  }, {
    cards: [ "T", "T", "J", "T", "T" ],
    bid: 601,
    type: 7
  }, {
    cards: [ "T", "T", "J", "J", "T" ],
    bid: 737,
    type: 7
  }, {
    cards: [ "9", "9", "9", "J", "9" ],
    bid: 61,
    type: 7
  }, {
    cards: [ "8", "8", "J", "8", "J" ],
    bid: 914,
    type: 7
  }, {
    cards: [ "8", "J", "J", "J", "8" ],
    bid: 765,
    type: 7
  }, {
    cards: [ "7", "J", "7", "7", "J" ],
    bid: 409,
    type: 7
  }, {
    cards: [ "6", "6", "6", "6", "J" ],
    bid: 557,
    type: 7
  }, {
    cards: [ "5", "J", "5", "5", "5" ],
    bid: 164,
    type: 7
  }, {
    cards: [ "5", "J", "5", "5", "J" ],
    bid: 736,
    type: 7
  }, {
    cards: [ "4", "4", "J", "J", "J" ],
    bid: 850,
    type: 7
  }, {
    cards: [ "4", "J", "4", "4", "4" ],
    bid: 90,
    type: 7
  }, {
    cards: [ "3", "3", "3", "J", "3" ],
    bid: 917,
    type: 7
  }, {
    cards: [ "2", "2", "2", "2", "J" ],
    bid: 49,
    type: 7
  }, {
    cards: [ "2", "2", "J", "J", "J" ],
    bid: 334,
    type: 7
  }, {
    cards: [ "J", "8", "8", "8", "8" ],
    bid: 602,
    type: 7
  }, {
    cards: [ "J", "8", "J", "J", "J" ],
    bid: 982,
    type: 7
  }, {
    cards: [ "J", "7", "7", "7", "7" ],
    bid: 302,
    type: 7
  }, {
    cards: [ "J", "5", "J", "J", "5" ],
    bid: 886,
    type: 7
  }, {
    cards: [ "J", "3", "3", "3", "J" ],
    bid: 510,
    type: 7
  }, {
    cards: [ "J", "2", "2", "J", "2" ],
    bid: 48,
    type: 7
  }, {
    cards: [ "J", "J", "K", "K", "K" ],
    bid: 329,
    type: 7
  }, {
    cards: [ "J", "J", "9", "9", "9" ],
    bid: 881,
    type: 7
  }, {
    cards: [ "J", "J", "J", "K", "K" ],
    bid: 882,
    type: 7
  }, {
    cards: [ "J", "J", "J", "J", "J" ],
    bid: 270,
    type: 7
  }, {
    cards: [ "A", "A", "A", "A", "T" ],
    bid: 572,
    type: 6
  }, {
    cards: [ "A", "A", "A", "A", "2" ],
    bid: 181,
    type: 6
  }, {
    cards: [ "A", "A", "A", "K", "A" ],
    bid: 144,
    type: 6
  }, {
    cards: [ "A", "A", "7", "A", "A" ],
    bid: 91,
    type: 6
  }, {
    cards: [ "A", "A", "3", "A", "A" ],
    bid: 364,
    type: 6
  }, {
    cards: [ "A", "Q", "Q", "Q", "Q" ],
    bid: 632,
    type: 6
  }, {
    cards: [ "A", "6", "A", "A", "A" ],
    bid: 307,
    type: 6
  }, {
    cards: [ "K", "K", "K", "K", "9" ],
    bid: 950,
    type: 6
  }, {
    cards: [ "K", "K", "K", "K", "5" ],
    bid: 19,
    type: 6
  }, {
    cards: [ "K", "K", "K", "7", "K" ],
    bid: 522,
    type: 6
  }, {
    cards: [ "K", "K", "K", "6", "K" ],
    bid: 455,
    type: 6
  }, {
    cards: [ "K", "K", "4", "K", "K" ],
    bid: 479,
    type: 6
  }, {
    cards: [ "K", "K", "3", "K", "K" ],
    bid: 213,
    type: 6
  }, {
    cards: [ "K", "Q", "K", "K", "K" ],
    bid: 226,
    type: 6
  }, {
    cards: [ "K", "J", "J", "7", "J" ],
    bid: 558,
    type: 6
  }, {
    cards: [ "Q", "Q", "Q", "Q", "4" ],
    bid: 618,
    type: 6
  }, {
    cards: [ "Q", "Q", "Q", "T", "Q" ],
    bid: 196,
    type: 6
  }, {
    cards: [ "Q", "Q", "Q", "7", "Q" ],
    bid: 739,
    type: 6
  }, {
    cards: [ "Q", "Q", "3", "Q", "Q" ],
    bid: 685,
    type: 6
  }, {
    cards: [ "Q", "Q", "2", "Q", "Q" ],
    bid: 553,
    type: 6
  }, {
    cards: [ "T", "T", "T", "Q", "T" ],
    bid: 548,
    type: 6
  }, {
    cards: [ "T", "T", "T", "T", "4" ],
    bid: 201,
    type: 6
  }, {
    cards: [ "T", "T", "T", "9", "T" ],
    bid: 901,
    type: 6
  }, {
    cards: [ "T", "T", "T", "6", "T" ],
    bid: 207,
    type: 6
  }, {
    cards: [ "T", "T", "T", "2", "T" ],
    bid: 512,
    type: 6
  }, {
    cards: [ "T", "T", "5", "T", "T" ],
    bid: 20,
    type: 6
  }, {
    cards: [ "T", "9", "9", "9", "9" ],
    bid: 305,
    type: 6
  }, {
    cards: [ "9", "A", "A", "A", "A" ],
    bid: 541,
    type: 6
  }, {
    cards: [ "9", "Q", "9", "9", "9" ],
    bid: 124,
    type: 6
  }, {
    cards: [ "9", "9", "A", "9", "9" ],
    bid: 314,
    type: 6
  }, {
    cards: [ "9", "9", "9", "7", "9" ],
    bid: 399,
    type: 6
  }, {
    cards: [ "9", "9", "9", "3", "9" ],
    bid: 454,
    type: 6
  }, {
    cards: [ "9", "9", "4", "9", "9" ],
    bid: 420,
    type: 6
  }, {
    cards: [ "9", "J", "K", "J", "J" ],
    bid: 824,
    type: 6
  }, {
    cards: [ "8", "A", "A", "A", "A" ],
    bid: 372,
    type: 6
  }, {
    cards: [ "8", "8", "K", "8", "8" ],
    bid: 508,
    type: 6
  }, {
    cards: [ "8", "8", "8", "A", "8" ],
    bid: 134,
    type: 6
  }, {
    cards: [ "8", "8", "8", "6", "8" ],
    bid: 536,
    type: 6
  }, {
    cards: [ "8", "8", "8", "4", "8" ],
    bid: 252,
    type: 6
  }, {
    cards: [ "8", "3", "3", "3", "3" ],
    bid: 567,
    type: 6
  }, {
    cards: [ "7", "K", "7", "7", "7" ],
    bid: 77,
    type: 6
  }, {
    cards: [ "7", "T", "T", "T", "T" ],
    bid: 519,
    type: 6
  }, {
    cards: [ "7", "7", "7", "8", "7" ],
    bid: 82,
    type: 6
  }, {
    cards: [ "7", "7", "7", "7", "A" ],
    bid: 293,
    type: 6
  }, {
    cards: [ "7", "7", "7", "7", "T" ],
    bid: 759,
    type: 6
  }, {
    cards: [ "7", "7", "7", "7", "6" ],
    bid: 404,
    type: 6
  }, {
    cards: [ "7", "7", "7", "5", "7" ],
    bid: 150,
    type: 6
  }, {
    cards: [ "7", "7", "7", "3", "7" ],
    bid: 978,
    type: 6
  }, {
    cards: [ "7", "7", "2", "7", "7" ],
    bid: 915,
    type: 6
  }, {
    cards: [ "7", "6", "6", "6", "6" ],
    bid: 141,
    type: 6
  }, {
    cards: [ "7", "4", "7", "7", "7" ],
    bid: 854,
    type: 6
  }, {
    cards: [ "6", "9", "6", "6", "6" ],
    bid: 472,
    type: 6
  }, {
    cards: [ "6", "6", "6", "A", "6" ],
    bid: 693,
    type: 6
  }, {
    cards: [ "6", "6", "6", "T", "6" ],
    bid: 133,
    type: 6
  }, {
    cards: [ "6", "6", "6", "8", "6" ],
    bid: 940,
    type: 6
  }, {
    cards: [ "6", "6", "6", "6", "K" ],
    bid: 999,
    type: 6
  }, {
    cards: [ "6", "6", "3", "6", "6" ],
    bid: 120,
    type: 6
  }, {
    cards: [ "5", "Q", "Q", "Q", "Q" ],
    bid: 129,
    type: 6
  }, {
    cards: [ "5", "5", "5", "A", "5" ],
    bid: 760,
    type: 6
  }, {
    cards: [ "5", "5", "5", "K", "5" ],
    bid: 265,
    type: 6
  }, {
    cards: [ "5", "5", "5", "5", "T" ],
    bid: 912,
    type: 6
  }, {
    cards: [ "5", "5", "5", "5", "9" ],
    bid: 2,
    type: 6
  }, {
    cards: [ "5", "5", "5", "5", "3" ],
    bid: 533,
    type: 6
  }, {
    cards: [ "5", "5", "5", "4", "5" ],
    bid: 626,
    type: 6
  }, {
    cards: [ "4", "4", "8", "4", "4" ],
    bid: 435,
    type: 6
  }, {
    cards: [ "4", "4", "4", "A", "4" ],
    bid: 101,
    type: 6
  }, {
    cards: [ "4", "4", "4", "4", "T" ],
    bid: 726,
    type: 6
  }, {
    cards: [ "4", "4", "3", "4", "4" ],
    bid: 14,
    type: 6
  }, {
    cards: [ "3", "T", "3", "3", "3" ],
    bid: 103,
    type: 6
  }, {
    cards: [ "3", "8", "8", "8", "8" ],
    bid: 232,
    type: 6
  }, {
    cards: [ "3", "7", "3", "3", "3" ],
    bid: 465,
    type: 6
  }, {
    cards: [ "3", "2", "2", "2", "2" ],
    bid: 587,
    type: 6
  }, {
    cards: [ "2", "Q", "2", "2", "2" ],
    bid: 148,
    type: 6
  }, {
    cards: [ "2", "9", "2", "2", "2" ],
    bid: 866,
    type: 6
  }, {
    cards: [ "2", "7", "2", "2", "2" ],
    bid: 643,
    type: 6
  }, {
    cards: [ "2", "3", "3", "3", "3" ],
    bid: 847,
    type: 6
  }, {
    cards: [ "2", "2", "2", "K", "2" ],
    bid: 652,
    type: 6
  }, {
    cards: [ "2", "2", "2", "2", "A" ],
    bid: 45,
    type: 6
  }, {
    cards: [ "2", "2", "2", "2", "T" ],
    bid: 87,
    type: 6
  }, {
    cards: [ "2", "2", "2", "2", "6" ],
    bid: 776,
    type: 6
  }, {
    cards: [ "2", "2", "2", "2", "5" ],
    bid: 34,
    type: 6
  }, {
    cards: [ "J", "J", "5", "J", "6" ],
    bid: 725,
    type: 6
  }, {
    cards: [ "A", "A", "A", "6", "6" ],
    bid: 83,
    type: 5
  }, {
    cards: [ "A", "A", "K", "A", "K" ],
    bid: 952,
    type: 5
  }, {
    cards: [ "A", "A", "T", "A", "T" ],
    bid: 161,
    type: 5
  }, {
    cards: [ "A", "A", "9", "9", "A" ],
    bid: 605,
    type: 5
  }, {
    cards: [ "A", "A", "8", "8", "A" ],
    bid: 653,
    type: 5
  }, {
    cards: [ "A", "A", "7", "7", "A" ],
    bid: 849,
    type: 5
  }, {
    cards: [ "A", "A", "2", "A", "2" ],
    bid: 99,
    type: 5
  }, {
    cards: [ "A", "Q", "Q", "Q", "A" ],
    bid: 823,
    type: 5
  }, {
    cards: [ "A", "5", "A", "5", "A" ],
    bid: 846,
    type: 5
  }, {
    cards: [ "A", "5", "5", "5", "J" ],
    bid: 279,
    type: 5
  }, {
    cards: [ "A", "3", "A", "A", "3" ],
    bid: 798,
    type: 5
  }, {
    cards: [ "A", "J", "A", "A", "3" ],
    bid: 378,
    type: 5
  }, {
    cards: [ "A", "J", "A", "5", "A" ],
    bid: 315,
    type: 5
  }, {
    cards: [ "A", "J", "Q", "A", "A" ],
    bid: 202,
    type: 5
  }, {
    cards: [ "A", "J", "3", "A", "3" ],
    bid: 944,
    type: 5
  }, {
    cards: [ "K", "A", "K", "K", "A" ],
    bid: 903,
    type: 5
  }, {
    cards: [ "K", "A", "K", "K", "J" ],
    bid: 526,
    type: 5
  }, {
    cards: [ "K", "A", "J", "A", "K" ],
    bid: 527,
    type: 5
  }, {
    cards: [ "K", "K", "K", "6", "J" ],
    bid: 781,
    type: 5
  }, {
    cards: [ "K", "K", "K", "5", "5" ],
    bid: 754,
    type: 5
  }, {
    cards: [ "K", "K", "K", "5", "J" ],
    bid: 38,
    type: 5
  }, {
    cards: [ "K", "Q", "K", "K", "Q" ],
    bid: 40,
    type: 5
  }, {
    cards: [ "K", "T", "T", "K", "K" ],
    bid: 1,
    type: 5
  }, {
    cards: [ "K", "T", "T", "K", "T" ],
    bid: 391,
    type: 5
  }, {
    cards: [ "K", "7", "J", "K", "K" ],
    bid: 563,
    type: 5
  }, {
    cards: [ "K", "2", "K", "K", "2" ],
    bid: 401,
    type: 5
  }, {
    cards: [ "K", "J", "K", "8", "K" ],
    bid: 449,
    type: 5
  }, {
    cards: [ "K", "J", "T", "T", "T" ],
    bid: 731,
    type: 5
  }, {
    cards: [ "K", "J", "9", "9", "9" ],
    bid: 633,
    type: 5
  }, {
    cards: [ "K", "J", "3", "3", "K" ],
    bid: 423,
    type: 5
  }, {
    cards: [ "K", "J", "J", "3", "3" ],
    bid: 621,
    type: 5
  }, {
    cards: [ "Q", "A", "Q", "J", "J" ],
    bid: 224,
    type: 5
  }, {
    cards: [ "Q", "K", "J", "Q", "K" ],
    bid: 235,
    type: 5
  }, {
    cards: [ "Q", "K", "J", "Q", "Q" ],
    bid: 193,
    type: 5
  }, {
    cards: [ "Q", "Q", "6", "Q", "6" ],
    bid: 680,
    type: 5
  }, {
    cards: [ "Q", "Q", "5", "Q", "5" ],
    bid: 243,
    type: 5
  }, {
    cards: [ "Q", "Q", "5", "J", "Q" ],
    bid: 333,
    type: 5
  }, {
    cards: [ "Q", "T", "Q", "T", "Q" ],
    bid: 971,
    type: 5
  }, {
    cards: [ "Q", "9", "9", "9", "Q" ],
    bid: 718,
    type: 5
  }, {
    cards: [ "Q", "8", "Q", "Q", "8" ],
    bid: 564,
    type: 5
  }, {
    cards: [ "Q", "8", "J", "Q", "8" ],
    bid: 801,
    type: 5
  }, {
    cards: [ "Q", "7", "7", "Q", "Q" ],
    bid: 271,
    type: 5
  }, {
    cards: [ "Q", "2", "Q", "2", "J" ],
    bid: 380,
    type: 5
  }, {
    cards: [ "Q", "J", "Q", "Q", "7" ],
    bid: 152,
    type: 5
  }, {
    cards: [ "Q", "J", "Q", "T", "Q" ],
    bid: 959,
    type: 5
  }, {
    cards: [ "T", "Q", "J", "Q", "J" ],
    bid: 669,
    type: 5
  }, {
    cards: [ "T", "T", "A", "J", "T" ],
    bid: 89,
    type: 5
  }, {
    cards: [ "T", "T", "T", "A", "A" ],
    bid: 578,
    type: 5
  }, {
    cards: [ "T", "T", "T", "9", "J" ],
    bid: 286,
    type: 5
  }, {
    cards: [ "T", "T", "7", "7", "J" ],
    bid: 809,
    type: 5
  }, {
    cards: [ "T", "9", "T", "9", "T" ],
    bid: 965,
    type: 5
  }, {
    cards: [ "T", "9", "T", "9", "9" ],
    bid: 817,
    type: 5
  }, {
    cards: [ "T", "8", "T", "8", "8" ],
    bid: 3,
    type: 5
  }, {
    cards: [ "T", "7", "T", "T", "7" ],
    bid: 493,
    type: 5
  }, {
    cards: [ "T", "J", "T", "T", "6" ],
    bid: 682,
    type: 5
  }, {
    cards: [ "T", "J", "T", "9", "J" ],
    bid: 107,
    type: 5
  }, {
    cards: [ "T", "J", "5", "T", "T" ],
    bid: 501,
    type: 5
  }, {
    cards: [ "9", "K", "K", "J", "9" ],
    bid: 366,
    type: 5
  }, {
    cards: [ "9", "K", "9", "9", "K" ],
    bid: 832,
    type: 5
  }, {
    cards: [ "9", "Q", "9", "Q", "Q" ],
    bid: 972,
    type: 5
  }, {
    cards: [ "9", "9", "Q", "J", "Q" ],
    bid: 705,
    type: 5
  }, {
    cards: [ "9", "9", "9", "8", "8" ],
    bid: 659,
    type: 5
  }, {
    cards: [ "9", "9", "9", "J", "2" ],
    bid: 540,
    type: 5
  }, {
    cards: [ "9", "9", "7", "J", "9" ],
    bid: 986,
    type: 5
  }, {
    cards: [ "9", "9", "J", "6", "J" ],
    bid: 43,
    type: 5
  }, {
    cards: [ "9", "5", "5", "9", "5" ],
    bid: 529,
    type: 5
  }, {
    cards: [ "9", "5", "5", "9", "J" ],
    bid: 312,
    type: 5
  }, {
    cards: [ "9", "2", "9", "2", "9" ],
    bid: 217,
    type: 5
  }, {
    cards: [ "9", "2", "2", "2", "9" ],
    bid: 92,
    type: 5
  }, {
    cards: [ "9", "J", "6", "6", "J" ],
    bid: 889,
    type: 5
  }, {
    cards: [ "8", "A", "A", "J", "J" ],
    bid: 386,
    type: 5
  }, {
    cards: [ "8", "A", "8", "8", "A" ],
    bid: 351,
    type: 5
  }, {
    cards: [ "8", "K", "8", "K", "8" ],
    bid: 188,
    type: 5
  }, {
    cards: [ "8", "T", "8", "T", "J" ],
    bid: 828,
    type: 5
  }, {
    cards: [ "8", "8", "K", "J", "K" ],
    bid: 275,
    type: 5
  }, {
    cards: [ "8", "8", "8", "3", "J" ],
    bid: 651,
    type: 5
  }, {
    cards: [ "8", "8", "J", "Q", "8" ],
    bid: 145,
    type: 5
  }, {
    cards: [ "8", "8", "J", "2", "2" ],
    bid: 494,
    type: 5
  }, {
    cards: [ "8", "7", "7", "7", "8" ],
    bid: 946,
    type: 5
  }, {
    cards: [ "8", "5", "8", "8", "5" ],
    bid: 289,
    type: 5
  }, {
    cards: [ "8", "5", "8", "5", "J" ],
    bid: 318,
    type: 5
  }, {
    cards: [ "8", "4", "8", "8", "J" ],
    bid: 482,
    type: 5
  }, {
    cards: [ "8", "4", "8", "4", "4" ],
    bid: 806,
    type: 5
  }, {
    cards: [ "8", "J", "3", "3", "J" ],
    bid: 157,
    type: 5
  }, {
    cards: [ "8", "J", "J", "8", "4" ],
    bid: 742,
    type: 5
  }, {
    cards: [ "7", "A", "7", "7", "A" ],
    bid: 623,
    type: 5
  }, {
    cards: [ "7", "K", "K", "K", "7" ],
    bid: 582,
    type: 5
  }, {
    cards: [ "7", "K", "K", "7", "7" ],
    bid: 590,
    type: 5
  }, {
    cards: [ "7", "Q", "Q", "7", "J" ],
    bid: 306,
    type: 5
  }, {
    cards: [ "7", "Q", "7", "Q", "7" ],
    bid: 410,
    type: 5
  }, {
    cards: [ "7", "T", "T", "7", "7" ],
    bid: 743,
    type: 5
  }, {
    cards: [ "7", "9", "7", "7", "9" ],
    bid: 274,
    type: 5
  }, {
    cards: [ "7", "9", "7", "J", "9" ],
    bid: 778,
    type: 5
  }, {
    cards: [ "7", "7", "9", "9", "9" ],
    bid: 441,
    type: 5
  }, {
    cards: [ "7", "7", "7", "J", "T" ],
    bid: 785,
    type: 5
  }, {
    cards: [ "7", "7", "J", "9", "7" ],
    bid: 476,
    type: 5
  }, {
    cards: [ "7", "4", "4", "4", "7" ],
    bid: 184,
    type: 5
  }, {
    cards: [ "7", "3", "7", "3", "7" ],
    bid: 390,
    type: 5
  }, {
    cards: [ "7", "3", "3", "J", "7" ],
    bid: 12,
    type: 5
  }, {
    cards: [ "7", "J", "A", "7", "7" ],
    bid: 447,
    type: 5
  }, {
    cards: [ "7", "J", "K", "7", "7" ],
    bid: 779,
    type: 5
  }, {
    cards: [ "7", "J", "8", "7", "8" ],
    bid: 452,
    type: 5
  }, {
    cards: [ "7", "J", "7", "K", "K" ],
    bid: 344,
    type: 5
  }, {
    cards: [ "6", "T", "T", "6", "6" ],
    bid: 385,
    type: 5
  }, {
    cards: [ "6", "T", "6", "J", "T" ],
    bid: 790,
    type: 5
  }, {
    cards: [ "6", "9", "9", "9", "J" ],
    bid: 609,
    type: 5
  }, {
    cards: [ "6", "9", "6", "9", "9" ],
    bid: 25,
    type: 5
  }, {
    cards: [ "6", "9", "6", "6", "J" ],
    bid: 667,
    type: 5
  }, {
    cards: [ "6", "8", "6", "J", "J" ],
    bid: 793,
    type: 5
  }, {
    cards: [ "6", "7", "6", "7", "7" ],
    bid: 931,
    type: 5
  }, {
    cards: [ "6", "6", "K", "K", "6" ],
    bid: 543,
    type: 5
  }, {
    cards: [ "6", "6", "6", "8", "8" ],
    bid: 690,
    type: 5
  }, {
    cards: [ "6", "6", "6", "J", "8" ],
    bid: 475,
    type: 5
  }, {
    cards: [ "6", "6", "4", "4", "6" ],
    bid: 72,
    type: 5
  }, {
    cards: [ "6", "6", "3", "3", "3" ],
    bid: 615,
    type: 5
  }, {
    cards: [ "6", "6", "J", "6", "3" ],
    bid: 247,
    type: 5
  }, {
    cards: [ "6", "2", "6", "2", "6" ],
    bid: 223,
    type: 5
  }, {
    cards: [ "5", "Q", "5", "Q", "5" ],
    bid: 280,
    type: 5
  }, {
    cards: [ "5", "T", "5", "T", "5" ],
    bid: 308,
    type: 5
  }, {
    cards: [ "5", "8", "5", "8", "5" ],
    bid: 539,
    type: 5
  }, {
    cards: [ "5", "7", "7", "5", "7" ],
    bid: 323,
    type: 5
  }, {
    cards: [ "5", "5", "A", "A", "5" ],
    bid: 321,
    type: 5
  }, {
    cards: [ "5", "5", "4", "5", "4" ],
    bid: 755,
    type: 5
  }, {
    cards: [ "5", "3", "J", "J", "3" ],
    bid: 317,
    type: 5
  }, {
    cards: [ "5", "2", "5", "2", "2" ],
    bid: 102,
    type: 5
  }, {
    cards: [ "5", "2", "5", "2", "J" ],
    bid: 834,
    type: 5
  }, {
    cards: [ "5", "J", "5", "5", "T" ],
    bid: 139,
    type: 5
  }, {
    cards: [ "5", "J", "5", "5", "6" ],
    bid: 491,
    type: 5
  }, {
    cards: [ "4", "K", "K", "K", "4" ],
    bid: 325,
    type: 5
  }, {
    cards: [ "4", "Q", "Q", "Q", "4" ],
    bid: 721,
    type: 5
  }, {
    cards: [ "4", "T", "T", "J", "4" ],
    bid: 147,
    type: 5
  }, {
    cards: [ "4", "T", "4", "J", "4" ],
    bid: 131,
    type: 5
  }, {
    cards: [ "4", "9", "4", "9", "4" ],
    bid: 483,
    type: 5
  }, {
    cards: [ "4", "7", "4", "7", "7" ],
    bid: 419,
    type: 5
  }, {
    cards: [ "4", "6", "4", "4", "6" ],
    bid: 825,
    type: 5
  }, {
    cards: [ "4", "5", "5", "4", "4" ],
    bid: 909,
    type: 5
  }, {
    cards: [ "4", "4", "K", "K", "4" ],
    bid: 97,
    type: 5
  }, {
    cards: [ "4", "4", "K", "K", "J" ],
    bid: 47,
    type: 5
  }, {
    cards: [ "4", "4", "K", "4", "J" ],
    bid: 654,
    type: 5
  }, {
    cards: [ "4", "4", "J", "4", "8" ],
    bid: 412,
    type: 5
  }, {
    cards: [ "4", "4", "J", "J", "8" ],
    bid: 365,
    type: 5
  }, {
    cards: [ "4", "3", "3", "4", "4" ],
    bid: 209,
    type: 5
  }, {
    cards: [ "4", "2", "4", "4", "2" ],
    bid: 592,
    type: 5
  }, {
    cards: [ "4", "J", "6", "4", "4" ],
    bid: 689,
    type: 5
  }, {
    cards: [ "3", "9", "9", "3", "9" ],
    bid: 427,
    type: 5
  }, {
    cards: [ "3", "8", "8", "8", "3" ],
    bid: 231,
    type: 5
  }, {
    cards: [ "3", "8", "3", "3", "8" ],
    bid: 723,
    type: 5
  }, {
    cards: [ "3", "7", "7", "3", "3" ],
    bid: 450,
    type: 5
  }, {
    cards: [ "3", "5", "3", "5", "5" ],
    bid: 789,
    type: 5
  }, {
    cards: [ "3", "3", "6", "J", "6" ],
    bid: 173,
    type: 5
  }, {
    cards: [ "3", "3", "3", "T", "T" ],
    bid: 359,
    type: 5
  }, {
    cards: [ "3", "3", "3", "9", "9" ],
    bid: 353,
    type: 5
  }, {
    cards: [ "3", "3", "3", "4", "4" ],
    bid: 94,
    type: 5
  }, {
    cards: [ "3", "3", "2", "3", "2" ],
    bid: 570,
    type: 5
  }, {
    cards: [ "3", "3", "2", "J", "3" ],
    bid: 729,
    type: 5
  }, {
    cards: [ "3", "3", "J", "7", "3" ],
    bid: 635,
    type: 5
  }, {
    cards: [ "3", "3", "J", "6", "3" ],
    bid: 349,
    type: 5
  }, {
    cards: [ "3", "J", "8", "3", "3" ],
    bid: 922,
    type: 5
  }, {
    cards: [ "2", "7", "7", "2", "7" ],
    bid: 62,
    type: 5
  }, {
    cards: [ "2", "7", "7", "2", "2" ],
    bid: 360,
    type: 5
  }, {
    cards: [ "2", "4", "2", "2", "4" ],
    bid: 707,
    type: 5
  }, {
    cards: [ "2", "2", "K", "K", "2" ],
    bid: 713,
    type: 5
  }, {
    cards: [ "2", "2", "Q", "Q", "2" ],
    bid: 234,
    type: 5
  }, {
    cards: [ "2", "2", "T", "T", "2" ],
    bid: 550,
    type: 5
  }, {
    cards: [ "2", "2", "8", "8", "2" ],
    bid: 577,
    type: 5
  }, {
    cards: [ "2", "2", "5", "5", "5" ],
    bid: 842,
    type: 5
  }, {
    cards: [ "2", "2", "4", "J", "J" ],
    bid: 660,
    type: 5
  }, {
    cards: [ "2", "2", "J", "T", "2" ],
    bid: 990,
    type: 5
  }, {
    cards: [ "2", "J", "2", "3", "2" ],
    bid: 639,
    type: 5
  }, {
    cards: [ "2", "J", "2", "2", "9" ],
    bid: 495,
    type: 5
  }, {
    cards: [ "J", "A", "5", "5", "A" ],
    bid: 281,
    type: 5
  }, {
    cards: [ "J", "A", "2", "J", "A" ],
    bid: 345,
    type: 5
  }, {
    cards: [ "J", "K", "9", "J", "K" ],
    bid: 520,
    type: 5
  }, {
    cards: [ "J", "Q", "Q", "3", "J" ],
    bid: 696,
    type: 5
  }, {
    cards: [ "J", "T", "K", "K", "T" ],
    bid: 997,
    type: 5
  }, {
    cards: [ "J", "T", "9", "T", "9" ],
    bid: 967,
    type: 5
  }, {
    cards: [ "J", "T", "8", "8", "8" ],
    bid: 309,
    type: 5
  }, {
    cards: [ "J", "T", "2", "T", "2" ],
    bid: 735,
    type: 5
  }, {
    cards: [ "J", "9", "Q", "9", "9" ],
    bid: 153,
    type: 5
  }, {
    cards: [ "J", "8", "4", "4", "8" ],
    bid: 738,
    type: 5
  }, {
    cards: [ "J", "7", "7", "9", "J" ],
    bid: 878,
    type: 5
  }, {
    cards: [ "J", "7", "3", "7", "7" ],
    bid: 276,
    type: 5
  }, {
    cards: [ "J", "7", "J", "8", "8" ],
    bid: 384,
    type: 5
  }, {
    cards: [ "J", "5", "4", "5", "J" ],
    bid: 876,
    type: 5
  }, {
    cards: [ "J", "4", "9", "9", "9" ],
    bid: 700,
    type: 5
  }, {
    cards: [ "J", "4", "5", "5", "5" ],
    bid: 183,
    type: 5
  }, {
    cards: [ "J", "4", "4", "K", "J" ],
    bid: 282,
    type: 5
  }, {
    cards: [ "J", "4", "4", "T", "J" ],
    bid: 874,
    type: 5
  }, {
    cards: [ "J", "3", "T", "T", "T" ],
    bid: 238,
    type: 5
  }, {
    cards: [ "J", "3", "7", "J", "3" ],
    bid: 467,
    type: 5
  }, {
    cards: [ "J", "2", "2", "T", "J" ],
    bid: 7,
    type: 5
  }, {
    cards: [ "J", "2", "2", "6", "J" ],
    bid: 747,
    type: 5
  }, {
    cards: [ "J", "J", "T", "T", "Q" ],
    bid: 629,
    type: 5
  }, {
    cards: [ "J", "J", "T", "2", "T" ],
    bid: 205,
    type: 5
  }, {
    cards: [ "A", "A", "A", "9", "8" ],
    bid: 650,
    type: 4
  }, {
    cards: [ "A", "A", "Q", "A", "7" ],
    bid: 797,
    type: 4
  }, {
    cards: [ "A", "A", "4", "T", "A" ],
    bid: 116,
    type: 4
  }, {
    cards: [ "A", "A", "2", "8", "A" ],
    bid: 439,
    type: 4
  }, {
    cards: [ "A", "K", "4", "K", "K" ],
    bid: 784,
    type: 4
  }, {
    cards: [ "A", "6", "4", "4", "4" ],
    bid: 715,
    type: 4
  }, {
    cards: [ "A", "5", "3", "A", "A" ],
    bid: 770,
    type: 4
  }, {
    cards: [ "A", "4", "4", "4", "9" ],
    bid: 579,
    type: 4
  }, {
    cards: [ "A", "3", "3", "5", "3" ],
    bid: 31,
    type: 4
  }, {
    cards: [ "A", "2", "Q", "J", "J" ],
    bid: 466,
    type: 4
  }, {
    cards: [ "A", "J", "6", "9", "J" ],
    bid: 486,
    type: 4
  }, {
    cards: [ "K", "A", "6", "6", "6" ],
    bid: 571,
    type: 4
  }, {
    cards: [ "K", "K", "K", "4", "8" ],
    bid: 585,
    type: 4
  }, {
    cards: [ "K", "Q", "Q", "7", "Q" ],
    bid: 837,
    type: 4
  }, {
    cards: [ "K", "Q", "9", "Q", "Q" ],
    bid: 219,
    type: 4
  }, {
    cards: [ "K", "Q", "8", "K", "K" ],
    bid: 807,
    type: 4
  }, {
    cards: [ "K", "6", "6", "5", "6" ],
    bid: 417,
    type: 4
  }, {
    cards: [ "K", "5", "K", "K", "8" ],
    bid: 316,
    type: 4
  }, {
    cards: [ "K", "2", "2", "2", "5" ],
    bid: 257,
    type: 4
  }, {
    cards: [ "Q", "A", "Q", "Q", "8" ],
    bid: 189,
    type: 4
  }, {
    cards: [ "Q", "A", "4", "A", "A" ],
    bid: 57,
    type: 4
  }, {
    cards: [ "Q", "K", "T", "Q", "Q" ],
    bid: 913,
    type: 4
  }, {
    cards: [ "Q", "Q", "A", "6", "Q" ],
    bid: 73,
    type: 4
  }, {
    cards: [ "Q", "Q", "5", "Q", "2" ],
    bid: 664,
    type: 4
  }, {
    cards: [ "Q", "Q", "3", "6", "Q" ],
    bid: 403,
    type: 4
  }, {
    cards: [ "Q", "Q", "2", "K", "Q" ],
    bid: 554,
    type: 4
  }, {
    cards: [ "Q", "5", "6", "6", "6" ],
    bid: 123,
    type: 4
  }, {
    cards: [ "Q", "3", "3", "3", "A" ],
    bid: 695,
    type: 4
  }, {
    cards: [ "Q", "2", "2", "2", "A" ],
    bid: 371,
    type: 4
  }, {
    cards: [ "Q", "J", "3", "J", "A" ],
    bid: 979,
    type: 4
  }, {
    cards: [ "T", "A", "8", "T", "T" ],
    bid: 53,
    type: 4
  }, {
    cards: [ "T", "9", "A", "T", "T" ],
    bid: 648,
    type: 4
  }, {
    cards: [ "T", "6", "K", "6", "6" ],
    bid: 11,
    type: 4
  }, {
    cards: [ "T", "6", "6", "6", "8" ],
    bid: 259,
    type: 4
  }, {
    cards: [ "9", "K", "8", "K", "K" ],
    bid: 780,
    type: 4
  }, {
    cards: [ "9", "Q", "Q", "Q", "A" ],
    bid: 746,
    type: 4
  }, {
    cards: [ "9", "9", "9", "5", "7" ],
    bid: 250,
    type: 4
  }, {
    cards: [ "9", "9", "4", "9", "Q" ],
    bid: 424,
    type: 4
  }, {
    cards: [ "9", "9", "2", "9", "8" ],
    bid: 402,
    type: 4
  }, {
    cards: [ "9", "8", "T", "9", "9" ],
    bid: 956,
    type: 4
  }, {
    cards: [ "9", "8", "4", "8", "8" ],
    bid: 208,
    type: 4
  }, {
    cards: [ "9", "6", "9", "T", "9" ],
    bid: 869,
    type: 4
  }, {
    cards: [ "9", "2", "9", "5", "9" ],
    bid: 993,
    type: 4
  }, {
    cards: [ "9", "2", "7", "2", "2" ],
    bid: 59,
    type: 4
  }, {
    cards: [ "9", "2", "3", "3", "3" ],
    bid: 422,
    type: 4
  }, {
    cards: [ "9", "J", "7", "J", "Q" ],
    bid: 461,
    type: 4
  }, {
    cards: [ "8", "K", "K", "7", "K" ],
    bid: 284,
    type: 4
  }, {
    cards: [ "8", "T", "8", "8", "A" ],
    bid: 589,
    type: 4
  }, {
    cards: [ "8", "8", "Q", "2", "8" ],
    bid: 225,
    type: 4
  }, {
    cards: [ "8", "8", "8", "A", "3" ],
    bid: 835,
    type: 4
  }, {
    cards: [ "8", "3", "9", "8", "8" ],
    bid: 192,
    type: 4
  }, {
    cards: [ "8", "3", "7", "3", "3" ],
    bid: 110,
    type: 4
  }, {
    cards: [ "8", "3", "3", "3", "6" ],
    bid: 766,
    type: 4
  }, {
    cards: [ "8", "J", "A", "J", "6" ],
    bid: 960,
    type: 4
  }, {
    cards: [ "8", "J", "5", "J", "A" ],
    bid: 298,
    type: 4
  }, {
    cards: [ "8", "J", "J", "7", "2" ],
    bid: 254,
    type: 4
  }, {
    cards: [ "8", "J", "J", "3", "6" ],
    bid: 988,
    type: 4
  }, {
    cards: [ "7", "K", "K", "K", "T" ],
    bid: 221,
    type: 4
  }, {
    cards: [ "7", "K", "6", "J", "J" ],
    bid: 343,
    type: 4
  }, {
    cards: [ "7", "T", "T", "9", "T" ],
    bid: 426,
    type: 4
  }, {
    cards: [ "7", "T", "T", "3", "T" ],
    bid: 515,
    type: 4
  }, {
    cards: [ "7", "8", "8", "8", "T" ],
    bid: 877,
    type: 4
  }, {
    cards: [ "7", "8", "8", "2", "8" ],
    bid: 603,
    type: 4
  }, {
    cards: [ "7", "7", "K", "7", "6" ],
    bid: 684,
    type: 4
  }, {
    cards: [ "7", "7", "9", "7", "8" ],
    bid: 453,
    type: 4
  }, {
    cards: [ "7", "7", "7", "A", "8" ],
    bid: 502,
    type: 4
  }, {
    cards: [ "7", "7", "7", "T", "3" ],
    bid: 595,
    type: 4
  }, {
    cards: [ "7", "6", "7", "Q", "7" ],
    bid: 531,
    type: 4
  }, {
    cards: [ "7", "4", "7", "7", "3" ],
    bid: 980,
    type: 4
  }, {
    cards: [ "7", "4", "6", "4", "4" ],
    bid: 517,
    type: 4
  }, {
    cards: [ "7", "3", "3", "A", "3" ],
    bid: 673,
    type: 4
  }, {
    cards: [ "6", "A", "A", "A", "3" ],
    bid: 955,
    type: 4
  }, {
    cards: [ "6", "K", "Q", "K", "K" ],
    bid: 178,
    type: 4
  }, {
    cards: [ "6", "T", "6", "Q", "6" ],
    bid: 468,
    type: 4
  }, {
    cards: [ "6", "9", "7", "9", "9" ],
    bid: 676,
    type: 4
  }, {
    cards: [ "6", "9", "6", "K", "6" ],
    bid: 393,
    type: 4
  }, {
    cards: [ "6", "7", "6", "K", "6" ],
    bid: 436,
    type: 4
  }, {
    cards: [ "6", "7", "6", "2", "6" ],
    bid: 267,
    type: 4
  }, {
    cards: [ "6", "6", "6", "A", "9" ],
    bid: 311,
    type: 4
  }, {
    cards: [ "6", "6", "6", "8", "9" ],
    bid: 355,
    type: 4
  }, {
    cards: [ "6", "6", "6", "5", "4" ],
    bid: 963,
    type: 4
  }, {
    cards: [ "6", "6", "3", "5", "6" ],
    bid: 106,
    type: 4
  }, {
    cards: [ "5", "A", "A", "A", "2" ],
    bid: 816,
    type: 4
  }, {
    cards: [ "5", "A", "6", "6", "6" ],
    bid: 537,
    type: 4
  }, {
    cards: [ "5", "A", "5", "6", "5" ],
    bid: 902,
    type: 4
  }, {
    cards: [ "5", "Q", "8", "8", "8" ],
    bid: 357,
    type: 4
  }, {
    cards: [ "5", "T", "T", "T", "7" ],
    bid: 528,
    type: 4
  }, {
    cards: [ "5", "T", "4", "5", "5" ],
    bid: 68,
    type: 4
  }, {
    cards: [ "5", "5", "A", "5", "3" ],
    bid: 319,
    type: 4
  }, {
    cards: [ "5", "5", "K", "4", "5" ],
    bid: 880,
    type: 4
  }, {
    cards: [ "4", "Q", "Q", "6", "Q" ],
    bid: 63,
    type: 4
  }, {
    cards: [ "4", "8", "4", "T", "4" ],
    bid: 35,
    type: 4
  }, {
    cards: [ "4", "7", "Q", "7", "7" ],
    bid: 555,
    type: 4
  }, {
    cards: [ "4", "4", "9", "Q", "4" ],
    bid: 505,
    type: 4
  }, {
    cards: [ "4", "4", "5", "A", "4" ],
    bid: 677,
    type: 4
  }, {
    cards: [ "4", "3", "4", "T", "4" ],
    bid: 525,
    type: 4
  }, {
    cards: [ "3", "A", "7", "7", "7" ],
    bid: 277,
    type: 4
  }, {
    cards: [ "3", "A", "J", "7", "J" ],
    bid: 716,
    type: 4
  }, {
    cards: [ "3", "5", "5", "6", "5" ],
    bid: 203,
    type: 4
  }, {
    cards: [ "3", "5", "3", "T", "3" ],
    bid: 974,
    type: 4
  }, {
    cards: [ "3", "4", "J", "J", "Q" ],
    bid: 432,
    type: 4
  }, {
    cards: [ "3", "3", "9", "3", "Q" ],
    bid: 868,
    type: 4
  }, {
    cards: [ "3", "3", "8", "3", "2" ],
    bid: 149,
    type: 4
  }, {
    cards: [ "3", "3", "7", "5", "3" ],
    bid: 538,
    type: 4
  }, {
    cards: [ "3", "3", "3", "4", "Q" ],
    bid: 687,
    type: 4
  }, {
    cards: [ "3", "2", "K", "3", "3" ],
    bid: 560,
    type: 4
  }, {
    cards: [ "3", "2", "5", "2", "2" ],
    bid: 330,
    type: 4
  }, {
    cards: [ "3", "J", "Q", "8", "J" ],
    bid: 893,
    type: 4
  }, {
    cards: [ "3", "J", "J", "A", "6" ],
    bid: 583,
    type: 4
  }, {
    cards: [ "2", "A", "6", "2", "2" ],
    bid: 973,
    type: 4
  }, {
    cards: [ "2", "A", "5", "2", "2" ],
    bid: 297,
    type: 4
  }, {
    cards: [ "2", "7", "2", "2", "5" ],
    bid: 619,
    type: 4
  }, {
    cards: [ "2", "7", "J", "Q", "J" ],
    bid: 964,
    type: 4
  }, {
    cards: [ "2", "6", "6", "A", "6" ],
    bid: 75,
    type: 4
  }, {
    cards: [ "2", "6", "2", "2", "Q" ],
    bid: 591,
    type: 4
  }, {
    cards: [ "2", "5", "5", "5", "4" ],
    bid: 748,
    type: 4
  }, {
    cards: [ "2", "4", "T", "T", "T" ],
    bid: 681,
    type: 4
  }, {
    cards: [ "2", "4", "3", "4", "4" ],
    bid: 649,
    type: 4
  }, {
    cards: [ "2", "3", "7", "7", "7" ],
    bid: 237,
    type: 4
  }, {
    cards: [ "2", "3", "3", "3", "A" ],
    bid: 142,
    type: 4
  }, {
    cards: [ "2", "2", "A", "2", "8" ],
    bid: 96,
    type: 4
  }, {
    cards: [ "2", "2", "9", "A", "2" ],
    bid: 744,
    type: 4
  }, {
    cards: [ "2", "2", "2", "8", "4" ],
    bid: 236,
    type: 4
  }, {
    cards: [ "2", "2", "2", "5", "T" ],
    bid: 983,
    type: 4
  }, {
    cards: [ "J", "K", "8", "7", "J" ],
    bid: 864,
    type: 4
  }, {
    cards: [ "J", "T", "A", "J", "7" ],
    bid: 227,
    type: 4
  }, {
    cards: [ "J", "4", "J", "7", "Q" ],
    bid: 782,
    type: 4
  }, {
    cards: [ "J", "J", "5", "T", "8" ],
    bid: 337,
    type: 4
  }, {
    cards: [ "A", "A", "5", "9", "9" ],
    bid: 84,
    type: 3
  }, {
    cards: [ "A", "A", "3", "3", "8" ],
    bid: 620,
    type: 3
  }, {
    cards: [ "A", "A", "J", "4", "T" ],
    bid: 9,
    type: 3
  }, {
    cards: [ "A", "T", "3", "A", "T" ],
    bid: 248,
    type: 3
  }, {
    cards: [ "A", "T", "J", "Q", "T" ],
    bid: 804,
    type: 3
  }, {
    cards: [ "A", "9", "7", "9", "A" ],
    bid: 166,
    type: 3
  }, {
    cards: [ "A", "9", "J", "A", "Q" ],
    bid: 569,
    type: 3
  }, {
    cards: [ "A", "6", "9", "A", "9" ],
    bid: 756,
    type: 3
  }, {
    cards: [ "A", "5", "T", "T", "5" ],
    bid: 313,
    type: 3
  }, {
    cards: [ "A", "3", "T", "J", "A" ],
    bid: 294,
    type: 3
  }, {
    cards: [ "A", "3", "8", "A", "J" ],
    bid: 480,
    type: 3
  }, {
    cards: [ "A", "2", "3", "3", "A" ],
    bid: 937,
    type: 3
  }, {
    cards: [ "A", "J", "K", "A", "T" ],
    bid: 389,
    type: 3
  }, {
    cards: [ "A", "J", "T", "5", "A" ],
    bid: 919,
    type: 3
  }, {
    cards: [ "K", "A", "A", "4", "J" ],
    bid: 30,
    type: 3
  }, {
    cards: [ "K", "A", "J", "4", "4" ],
    bid: 379,
    type: 3
  }, {
    cards: [ "K", "K", "9", "9", "Q" ],
    bid: 431,
    type: 3
  }, {
    cards: [ "K", "K", "7", "Q", "J" ],
    bid: 76,
    type: 3
  }, {
    cards: [ "K", "Q", "6", "K", "Q" ],
    bid: 438,
    type: 3
  }, {
    cards: [ "K", "T", "T", "K", "3" ],
    bid: 414,
    type: 3
  }, {
    cards: [ "K", "T", "7", "7", "T" ],
    bid: 463,
    type: 3
  }, {
    cards: [ "K", "9", "K", "4", "J" ],
    bid: 786,
    type: 3
  }, {
    cards: [ "K", "9", "8", "J", "9" ],
    bid: 926,
    type: 3
  }, {
    cards: [ "K", "6", "8", "8", "K" ],
    bid: 285,
    type: 3
  }, {
    cards: [ "K", "6", "J", "5", "5" ],
    bid: 521,
    type: 3
  }, {
    cards: [ "K", "5", "Q", "Q", "5" ],
    bid: 66,
    type: 3
  }, {
    cards: [ "K", "5", "8", "J", "K" ],
    bid: 194,
    type: 3
  }, {
    cards: [ "K", "5", "J", "K", "9" ],
    bid: 896,
    type: 3
  }, {
    cards: [ "K", "4", "5", "4", "K" ],
    bid: 108,
    type: 3
  }, {
    cards: [ "K", "3", "K", "6", "3" ],
    bid: 288,
    type: 3
  }, {
    cards: [ "K", "2", "K", "9", "2" ],
    bid: 456,
    type: 3
  }, {
    cards: [ "K", "2", "T", "K", "T" ],
    bid: 783,
    type: 3
  }, {
    cards: [ "K", "2", "J", "K", "3" ],
    bid: 853,
    type: 3
  }, {
    cards: [ "K", "2", "J", "5", "K" ],
    bid: 338,
    type: 3
  }, {
    cards: [ "K", "J", "K", "8", "3" ],
    bid: 949,
    type: 3
  }, {
    cards: [ "K", "J", "4", "A", "K" ],
    bid: 924,
    type: 3
  }, {
    cards: [ "Q", "K", "9", "9", "J" ],
    bid: 985,
    type: 3
  }, {
    cards: [ "Q", "K", "3", "J", "Q" ],
    bid: 613,
    type: 3
  }, {
    cards: [ "Q", "Q", "A", "K", "A" ],
    bid: 507,
    type: 3
  }, {
    cards: [ "Q", "Q", "T", "T", "2" ],
    bid: 594,
    type: 3
  }, {
    cards: [ "Q", "Q", "6", "4", "4" ],
    bid: 198,
    type: 3
  }, {
    cards: [ "Q", "Q", "3", "T", "T" ],
    bid: 646,
    type: 3
  }, {
    cards: [ "Q", "9", "2", "9", "2" ],
    bid: 758,
    type: 3
  }, {
    cards: [ "Q", "7", "7", "Q", "5" ],
    bid: 310,
    type: 3
  }, {
    cards: [ "Q", "7", "3", "Q", "7" ],
    bid: 6,
    type: 3
  }, {
    cards: [ "Q", "5", "2", "5", "J" ],
    bid: 656,
    type: 3
  }, {
    cards: [ "Q", "4", "Q", "4", "K" ],
    bid: 857,
    type: 3
  }, {
    cards: [ "Q", "3", "3", "8", "J" ],
    bid: 843,
    type: 3
  }, {
    cards: [ "Q", "2", "J", "K", "Q" ],
    bid: 732,
    type: 3
  }, {
    cards: [ "Q", "J", "8", "T", "T" ],
    bid: 88,
    type: 3
  }, {
    cards: [ "Q", "J", "4", "Q", "9" ],
    bid: 549,
    type: 3
  }, {
    cards: [ "T", "K", "K", "4", "J" ],
    bid: 5,
    type: 3
  }, {
    cards: [ "T", "T", "K", "K", "4" ],
    bid: 644,
    type: 3
  }, {
    cards: [ "T", "T", "4", "2", "2" ],
    bid: 923,
    type: 3
  }, {
    cards: [ "T", "T", "3", "3", "5" ],
    bid: 301,
    type: 3
  }, {
    cards: [ "T", "8", "T", "4", "8" ],
    bid: 112,
    type: 3
  }, {
    cards: [ "T", "8", "8", "5", "5" ],
    bid: 887,
    type: 3
  }, {
    cards: [ "T", "7", "Q", "7", "J" ],
    bid: 859,
    type: 3
  }, {
    cards: [ "T", "6", "T", "4", "6" ],
    bid: 263,
    type: 3
  }, {
    cards: [ "T", "5", "A", "A", "5" ],
    bid: 200,
    type: 3
  }, {
    cards: [ "T", "5", "3", "3", "5" ],
    bid: 796,
    type: 3
  }, {
    cards: [ "T", "4", "5", "5", "J" ],
    bid: 487,
    type: 3
  }, {
    cards: [ "T", "4", "4", "J", "K" ],
    bid: 457,
    type: 3
  }, {
    cards: [ "T", "3", "3", "6", "T" ],
    bid: 266,
    type: 3
  }, {
    cards: [ "T", "2", "A", "T", "A" ],
    bid: 260,
    type: 3
  }, {
    cards: [ "T", "2", "T", "4", "4" ],
    bid: 581,
    type: 3
  }, {
    cards: [ "T", "J", "8", "3", "8" ],
    bid: 829,
    type: 3
  }, {
    cards: [ "9", "A", "K", "A", "K" ],
    bid: 375,
    type: 3
  }, {
    cards: [ "9", "K", "K", "A", "9" ],
    bid: 892,
    type: 3
  }, {
    cards: [ "9", "K", "9", "3", "3" ],
    bid: 10,
    type: 3
  }, {
    cards: [ "9", "Q", "Q", "K", "9" ],
    bid: 499,
    type: 3
  }, {
    cards: [ "9", "T", "4", "T", "J" ],
    bid: 32,
    type: 3
  }, {
    cards: [ "9", "8", "K", "K", "8" ],
    bid: 606,
    type: 3
  }, {
    cards: [ "9", "8", "8", "9", "2" ],
    bid: 908,
    type: 3
  }, {
    cards: [ "9", "8", "2", "8", "2" ],
    bid: 666,
    type: 3
  }, {
    cards: [ "9", "4", "5", "5", "9" ],
    bid: 65,
    type: 3
  }, {
    cards: [ "9", "3", "6", "9", "3" ],
    bid: 458,
    type: 3
  }, {
    cards: [ "9", "3", "J", "4", "9" ],
    bid: 544,
    type: 3
  }, {
    cards: [ "9", "2", "9", "5", "5" ],
    bid: 214,
    type: 3
  }, {
    cards: [ "9", "2", "7", "J", "2" ],
    bid: 532,
    type: 3
  }, {
    cards: [ "9", "J", "A", "4", "A" ],
    bid: 140,
    type: 3
  }, {
    cards: [ "9", "J", "5", "A", "A" ],
    bid: 722,
    type: 3
  }, {
    cards: [ "9", "J", "4", "4", "3" ],
    bid: 884,
    type: 3
  }, {
    cards: [ "8", "A", "6", "A", "8" ],
    bid: 803,
    type: 3
  }, {
    cards: [ "8", "K", "8", "2", "2" ],
    bid: 597,
    type: 3
  }, {
    cards: [ "8", "Q", "K", "K", "8" ],
    bid: 928,
    type: 3
  }, {
    cards: [ "8", "8", "K", "T", "K" ],
    bid: 469,
    type: 3
  }, {
    cards: [ "8", "8", "7", "7", "Q" ],
    bid: 943,
    type: 3
  }, {
    cards: [ "8", "8", "6", "J", "4" ],
    bid: 855,
    type: 3
  }, {
    cards: [ "8", "8", "5", "2", "5" ],
    bid: 348,
    type: 3
  }, {
    cards: [ "8", "5", "8", "9", "5" ],
    bid: 862,
    type: 3
  }, {
    cards: [ "8", "3", "8", "J", "4" ],
    bid: 535,
    type: 3
  }, {
    cards: [ "8", "3", "3", "8", "2" ],
    bid: 764,
    type: 3
  }, {
    cards: [ "8", "2", "A", "J", "A" ],
    bid: 215,
    type: 3
  }, {
    cards: [ "8", "J", "T", "T", "2" ],
    bid: 26,
    type: 3
  }, {
    cards: [ "7", "A", "A", "8", "7" ],
    bid: 691,
    type: 3
  }, {
    cards: [ "7", "A", "3", "3", "7" ],
    bid: 865,
    type: 3
  }, {
    cards: [ "7", "K", "K", "T", "7" ],
    bid: 222,
    type: 3
  }, {
    cards: [ "7", "K", "2", "2", "7" ],
    bid: 708,
    type: 3
  }, {
    cards: [ "7", "Q", "K", "7", "Q" ],
    bid: 641,
    type: 3
  }, {
    cards: [ "7", "9", "J", "9", "6" ],
    bid: 598,
    type: 3
  }, {
    cards: [ "7", "9", "J", "5", "7" ],
    bid: 822,
    type: 3
  }, {
    cards: [ "7", "8", "J", "7", "5" ],
    bid: 253,
    type: 3
  }, {
    cards: [ "7", "7", "8", "8", "3" ],
    bid: 645,
    type: 3
  }, {
    cards: [ "7", "7", "8", "3", "3" ],
    bid: 671,
    type: 3
  }, {
    cards: [ "7", "5", "8", "8", "J" ],
    bid: 170,
    type: 3
  }, {
    cards: [ "7", "5", "7", "9", "5" ],
    bid: 370,
    type: 3
  }, {
    cards: [ "7", "4", "9", "7", "9" ],
    bid: 925,
    type: 3
  }, {
    cards: [ "7", "4", "6", "7", "6" ],
    bid: 821,
    type: 3
  }, {
    cards: [ "7", "3", "K", "J", "7" ],
    bid: 740,
    type: 3
  }, {
    cards: [ "7", "3", "3", "T", "T" ],
    bid: 873,
    type: 3
  }, {
    cards: [ "7", "2", "7", "8", "J" ],
    bid: 332,
    type: 3
  }, {
    cards: [ "7", "J", "9", "7", "2" ],
    bid: 138,
    type: 3
  }, {
    cards: [ "7", "J", "8", "7", "9" ],
    bid: 911,
    type: 3
  }, {
    cards: [ "7", "J", "8", "6", "7" ],
    bid: 556,
    type: 3
  }, {
    cards: [ "6", "A", "6", "A", "K" ],
    bid: 160,
    type: 3
  }, {
    cards: [ "6", "K", "K", "7", "6" ],
    bid: 962,
    type: 3
  }, {
    cards: [ "6", "K", "6", "3", "K" ],
    bid: 836,
    type: 3
  }, {
    cards: [ "6", "Q", "8", "Q", "8" ],
    bid: 741,
    type: 3
  }, {
    cards: [ "6", "Q", "8", "8", "6" ],
    bid: 661,
    type: 3
  }, {
    cards: [ "6", "Q", "5", "5", "J" ],
    bid: 627,
    type: 3
  }, {
    cards: [ "6", "T", "K", "K", "T" ],
    bid: 616,
    type: 3
  }, {
    cards: [ "6", "T", "8", "T", "6" ],
    bid: 630,
    type: 3
  }, {
    cards: [ "6", "T", "6", "8", "8" ],
    bid: 607,
    type: 3
  }, {
    cards: [ "6", "T", "2", "6", "T" ],
    bid: 916,
    type: 3
  }, {
    cards: [ "6", "8", "6", "A", "A" ],
    bid: 442,
    type: 3
  }, {
    cards: [ "6", "8", "2", "6", "8" ],
    bid: 628,
    type: 3
  }, {
    cards: [ "6", "7", "J", "2", "7" ],
    bid: 119,
    type: 3
  }, {
    cards: [ "6", "6", "K", "A", "J" ],
    bid: 888,
    type: 3
  }, {
    cards: [ "6", "6", "8", "2", "J" ],
    bid: 706,
    type: 3
  }, {
    cards: [ "6", "6", "4", "8", "8" ],
    bid: 575,
    type: 3
  }, {
    cards: [ "6", "5", "9", "9", "5" ],
    bid: 614,
    type: 3
  }, {
    cards: [ "6", "4", "4", "5", "J" ],
    bid: 340,
    type: 3
  }, {
    cards: [ "6", "3", "J", "K", "3" ],
    bid: 210,
    type: 3
  }, {
    cards: [ "6", "3", "J", "7", "6" ],
    bid: 665,
    type: 3
  }, {
    cards: [ "6", "2", "2", "6", "K" ],
    bid: 497,
    type: 3
  }, {
    cards: [ "6", "J", "8", "8", "T" ],
    bid: 939,
    type: 3
  }, {
    cards: [ "6", "J", "6", "A", "9" ],
    bid: 958,
    type: 3
  }, {
    cards: [ "6", "J", "6", "3", "8" ],
    bid: 415,
    type: 3
  }, {
    cards: [ "5", "A", "K", "A", "5" ],
    bid: 703,
    type: 3
  }, {
    cards: [ "5", "K", "K", "2", "2" ],
    bid: 709,
    type: 3
  }, {
    cards: [ "5", "K", "5", "K", "3" ],
    bid: 350,
    type: 3
  }, {
    cards: [ "5", "K", "J", "T", "T" ],
    bid: 523,
    type: 3
  }, {
    cards: [ "5", "Q", "T", "5", "Q" ],
    bid: 897,
    type: 3
  }, {
    cards: [ "5", "Q", "5", "Q", "4" ],
    bid: 885,
    type: 3
  }, {
    cards: [ "5", "9", "T", "9", "5" ],
    bid: 39,
    type: 3
  }, {
    cards: [ "5", "8", "8", "6", "J" ],
    bid: 8,
    type: 3
  }, {
    cards: [ "5", "8", "5", "6", "J" ],
    bid: 460,
    type: 3
  }, {
    cards: [ "5", "5", "A", "2", "A" ],
    bid: 879,
    type: 3
  }, {
    cards: [ "5", "5", "3", "2", "2" ],
    bid: 175,
    type: 3
  }, {
    cards: [ "5", "4", "4", "A", "A" ],
    bid: 269,
    type: 3
  }, {
    cards: [ "5", "4", "4", "K", "5" ],
    bid: 42,
    type: 3
  }, {
    cards: [ "5", "3", "J", "7", "3" ],
    bid: 749,
    type: 3
  }, {
    cards: [ "5", "2", "7", "7", "2" ],
    bid: 871,
    type: 3
  }, {
    cards: [ "5", "J", "A", "Q", "A" ],
    bid: 394,
    type: 3
  }, {
    cards: [ "5", "J", "5", "7", "2" ],
    bid: 757,
    type: 3
  }, {
    cards: [ "4", "Q", "A", "A", "4" ],
    bid: 278,
    type: 3
  }, {
    cards: [ "4", "T", "T", "K", "J" ],
    bid: 421,
    type: 3
  }, {
    cards: [ "4", "9", "9", "K", "4" ],
    bid: 961,
    type: 3
  }, {
    cards: [ "4", "9", "J", "9", "Q" ],
    bid: 159,
    type: 3
  }, {
    cards: [ "4", "8", "J", "8", "A" ],
    bid: 966,
    type: 3
  }, {
    cards: [ "4", "6", "K", "J", "4" ],
    bid: 815,
    type: 3
  }, {
    cards: [ "4", "5", "Q", "4", "J" ],
    bid: 875,
    type: 3
  }, {
    cards: [ "4", "5", "7", "J", "4" ],
    bid: 324,
    type: 3
  }, {
    cards: [ "4", "4", "5", "7", "5" ],
    bid: 802,
    type: 3
  }, {
    cards: [ "4", "3", "7", "7", "J" ],
    bid: 998,
    type: 3
  }, {
    cards: [ "4", "3", "J", "7", "4" ],
    bid: 299,
    type: 3
  }, {
    cards: [ "4", "2", "Q", "2", "Q" ],
    bid: 125,
    type: 3
  }, {
    cards: [ "4", "J", "9", "5", "9" ],
    bid: 795,
    type: 3
  }, {
    cards: [ "3", "A", "5", "5", "A" ],
    bid: 604,
    type: 3
  }, {
    cards: [ "3", "K", "K", "A", "A" ],
    bid: 771,
    type: 3
  }, {
    cards: [ "3", "K", "T", "J", "3" ],
    bid: 251,
    type: 3
  }, {
    cards: [ "3", "Q", "6", "Q", "6" ],
    bid: 638,
    type: 3
  }, {
    cards: [ "3", "Q", "3", "9", "Q" ],
    bid: 29,
    type: 3
  }, {
    cards: [ "3", "T", "T", "2", "2" ],
    bid: 800,
    type: 3
  }, {
    cards: [ "3", "9", "7", "9", "3" ],
    bid: 361,
    type: 3
  }, {
    cards: [ "3", "8", "8", "J", "A" ],
    bid: 831,
    type: 3
  }, {
    cards: [ "3", "8", "3", "A", "8" ],
    bid: 54,
    type: 3
  }, {
    cards: [ "3", "7", "T", "J", "7" ],
    bid: 612,
    type: 3
  }, {
    cards: [ "3", "7", "3", "K", "7" ],
    bid: 485,
    type: 3
  }, {
    cards: [ "3", "7", "3", "9", "7" ],
    bid: 698,
    type: 3
  }, {
    cards: [ "3", "7", "J", "3", "2" ],
    bid: 44,
    type: 3
  }, {
    cards: [ "3", "6", "3", "6", "5" ],
    bid: 906,
    type: 3
  }, {
    cards: [ "3", "6", "2", "6", "2" ],
    bid: 844,
    type: 3
  }, {
    cards: [ "3", "6", "2", "3", "6" ],
    bid: 820,
    type: 3
  }, {
    cards: [ "3", "6", "J", "4", "6" ],
    bid: 751,
    type: 3
  }, {
    cards: [ "3", "5", "9", "9", "3" ],
    bid: 984,
    type: 3
  }, {
    cards: [ "3", "5", "3", "5", "K" ],
    bid: 981,
    type: 3
  }, {
    cards: [ "3", "5", "3", "5", "7" ],
    bid: 861,
    type: 3
  }, {
    cards: [ "3", "3", "Q", "K", "Q" ],
    bid: 405,
    type: 3
  }, {
    cards: [ "3", "J", "9", "T", "9" ],
    bid: 354,
    type: 3
  }, {
    cards: [ "2", "A", "4", "2", "4" ],
    bid: 425,
    type: 3
  }, {
    cards: [ "2", "7", "2", "T", "T" ],
    bid: 941,
    type: 3
  }, {
    cards: [ "2", "6", "A", "A", "6" ],
    bid: 130,
    type: 3
  }, {
    cards: [ "2", "5", "K", "J", "5" ],
    bid: 446,
    type: 3
  }, {
    cards: [ "2", "5", "5", "2", "4" ],
    bid: 506,
    type: 3
  }, {
    cards: [ "2", "3", "7", "7", "2" ],
    bid: 518,
    type: 3
  }, {
    cards: [ "2", "3", "2", "3", "9" ],
    bid: 195,
    type: 3
  }, {
    cards: [ "2", "2", "A", "6", "J" ],
    bid: 637,
    type: 3
  }, {
    cards: [ "2", "2", "A", "J", "Q" ],
    bid: 69,
    type: 3
  }, {
    cards: [ "2", "2", "9", "5", "5" ],
    bid: 185,
    type: 3
  }, {
    cards: [ "2", "2", "7", "J", "6" ],
    bid: 932,
    type: 3
  }, {
    cards: [ "2", "2", "6", "6", "7" ],
    bid: 995,
    type: 3
  }, {
    cards: [ "2", "2", "5", "4", "4" ],
    bid: 93,
    type: 3
  }, {
    cards: [ "2", "2", "J", "5", "3" ],
    bid: 686,
    type: 3
  }, {
    cards: [ "2", "2", "J", "4", "7" ],
    bid: 15,
    type: 3
  }, {
    cards: [ "2", "J", "7", "T", "2" ],
    bid: 373,
    type: 3
  }, {
    cards: [ "2", "J", "6", "9", "2" ],
    bid: 840,
    type: 3
  }, {
    cards: [ "2", "J", "6", "6", "A" ],
    bid: 996,
    type: 3
  }, {
    cards: [ "2", "J", "4", "6", "4" ],
    bid: 734,
    type: 3
  }, {
    cards: [ "J", "A", "9", "9", "3" ],
    bid: 987,
    type: 3
  }, {
    cards: [ "J", "K", "5", "5", "4" ],
    bid: 545,
    type: 3
  }, {
    cards: [ "J", "K", "4", "3", "3" ],
    bid: 186,
    type: 3
  }, {
    cards: [ "J", "K", "2", "T", "2" ],
    bid: 872,
    type: 3
  }, {
    cards: [ "J", "Q", "T", "Q", "K" ],
    bid: 117,
    type: 3
  }, {
    cards: [ "J", "Q", "9", "5", "5" ],
    bid: 41,
    type: 3
  }, {
    cards: [ "J", "Q", "8", "6", "6" ],
    bid: 448,
    type: 3
  }, {
    cards: [ "J", "T", "T", "Q", "5" ],
    bid: 907,
    type: 3
  }, {
    cards: [ "J", "T", "2", "7", "T" ],
    bid: 813,
    type: 3
  }, {
    cards: [ "J", "8", "A", "2", "2" ],
    bid: 819,
    type: 3
  }, {
    cards: [ "J", "6", "2", "8", "8" ],
    bid: 710,
    type: 3
  }, {
    cards: [ "J", "5", "Q", "3", "5" ],
    bid: 841,
    type: 3
  }, {
    cards: [ "J", "5", "6", "7", "7" ],
    bid: 559,
    type: 3
  }, {
    cards: [ "J", "5", "5", "K", "3" ],
    bid: 712,
    type: 3
  }, {
    cards: [ "J", "5", "2", "9", "9" ],
    bid: 292,
    type: 3
  }, {
    cards: [ "J", "4", "4", "Q", "2" ],
    bid: 300,
    type: 3
  }, {
    cards: [ "A", "K", "T", "5", "T" ],
    bid: 416,
    type: 2
  }, {
    cards: [ "A", "K", "6", "K", "8" ],
    bid: 177,
    type: 2
  }, {
    cards: [ "A", "K", "5", "5", "4" ],
    bid: 220,
    type: 2
  }, {
    cards: [ "A", "K", "3", "Q", "A" ],
    bid: 135,
    type: 2
  }, {
    cards: [ "A", "T", "T", "6", "K" ],
    bid: 948,
    type: 2
  }, {
    cards: [ "A", "8", "Q", "6", "8" ],
    bid: 85,
    type: 2
  }, {
    cards: [ "A", "8", "9", "7", "9" ],
    bid: 228,
    type: 2
  }, {
    cards: [ "A", "6", "6", "7", "T" ],
    bid: 218,
    type: 2
  }, {
    cards: [ "A", "5", "A", "9", "8" ],
    bid: 50,
    type: 2
  }, {
    cards: [ "A", "4", "K", "5", "K" ],
    bid: 241,
    type: 2
  }, {
    cards: [ "A", "4", "4", "9", "3" ],
    bid: 566,
    type: 2
  }, {
    cards: [ "A", "3", "Q", "2", "2" ],
    bid: 95,
    type: 2
  }, {
    cards: [ "A", "3", "J", "8", "6" ],
    bid: 672,
    type: 2
  }, {
    cards: [ "A", "2", "A", "7", "Q" ],
    bid: 382,
    type: 2
  }, {
    cards: [ "A", "J", "3", "4", "9" ],
    bid: 137,
    type: 2
  }, {
    cards: [ "K", "A", "Q", "Q", "3" ],
    bid: 636,
    type: 2
  }, {
    cards: [ "K", "T", "3", "J", "8" ],
    bid: 805,
    type: 2
  }, {
    cards: [ "K", "9", "2", "9", "T" ],
    bid: 78,
    type: 2
  }, {
    cards: [ "K", "8", "5", "6", "K" ],
    bid: 154,
    type: 2
  }, {
    cards: [ "K", "8", "5", "2", "5" ],
    bid: 565,
    type: 2
  }, {
    cards: [ "K", "3", "J", "2", "8" ],
    bid: 957,
    type: 2
  }, {
    cards: [ "K", "2", "K", "7", "T" ],
    bid: 761,
    type: 2
  }, {
    cards: [ "Q", "A", "K", "J", "3" ],
    bid: 701,
    type: 2
  }, {
    cards: [ "Q", "A", "Q", "T", "5" ],
    bid: 918,
    type: 2
  }, {
    cards: [ "Q", "K", "Q", "7", "A" ],
    bid: 599,
    type: 2
  }, {
    cards: [ "Q", "K", "5", "5", "7" ],
    bid: 406,
    type: 2
  }, {
    cards: [ "Q", "K", "3", "3", "T" ],
    bid: 336,
    type: 2
  }, {
    cards: [ "Q", "Q", "K", "4", "8" ],
    bid: 863,
    type: 2
  }, {
    cards: [ "Q", "Q", "7", "5", "8" ],
    bid: 492,
    type: 2
  }, {
    cards: [ "Q", "T", "6", "5", "5" ],
    bid: 561,
    type: 2
  }, {
    cards: [ "Q", "T", "3", "T", "2" ],
    bid: 830,
    type: 2
  }, {
    cards: [ "Q", "9", "K", "3", "Q" ],
    bid: 994,
    type: 2
  }, {
    cards: [ "Q", "9", "Q", "5", "A" ],
    bid: 459,
    type: 2
  }, {
    cards: [ "Q", "9", "3", "3", "6" ],
    bid: 810,
    type: 2
  }, {
    cards: [ "Q", "8", "A", "4", "4" ],
    bid: 229,
    type: 2
  }, {
    cards: [ "Q", "8", "Q", "2", "9" ],
    bid: 775,
    type: 2
  }, {
    cards: [ "Q", "8", "5", "3", "5" ],
    bid: 1000,
    type: 2
  }, {
    cards: [ "Q", "7", "3", "Q", "4" ],
    bid: 440,
    type: 2
  }, {
    cards: [ "Q", "6", "8", "6", "5" ],
    bid: 470,
    type: 2
  }, {
    cards: [ "Q", "6", "6", "2", "8" ],
    bid: 374,
    type: 2
  }, {
    cards: [ "Q", "5", "T", "7", "T" ],
    bid: 733,
    type: 2
  }, {
    cards: [ "Q", "5", "J", "T", "6" ],
    bid: 839,
    type: 2
  }, {
    cards: [ "Q", "4", "A", "8", "J" ],
    bid: 182,
    type: 2
  }, {
    cards: [ "Q", "4", "2", "4", "K" ],
    bid: 291,
    type: 2
  }, {
    cards: [ "Q", "3", "Q", "2", "5" ],
    bid: 126,
    type: 2
  }, {
    cards: [ "Q", "2", "T", "A", "T" ],
    bid: 296,
    type: 2
  }, {
    cards: [ "Q", "2", "6", "4", "6" ],
    bid: 596,
    type: 2
  }, {
    cards: [ "Q", "2", "2", "6", "9" ],
    bid: 268,
    type: 2
  }, {
    cards: [ "Q", "2", "J", "8", "K" ],
    bid: 341,
    type: 2
  }, {
    cards: [ "Q", "J", "7", "8", "5" ],
    bid: 489,
    type: 2
  }, {
    cards: [ "Q", "J", "4", "5", "6" ],
    bid: 272,
    type: 2
  }, {
    cards: [ "T", "A", "Q", "Q", "6" ],
    bid: 730,
    type: 2
  }, {
    cards: [ "T", "A", "2", "J", "Q" ],
    bid: 115,
    type: 2
  }, {
    cards: [ "T", "Q", "Q", "5", "6" ],
    bid: 303,
    type: 2
  }, {
    cards: [ "T", "Q", "6", "2", "T" ],
    bid: 55,
    type: 2
  }, {
    cards: [ "T", "9", "5", "9", "K" ],
    bid: 328,
    type: 2
  }, {
    cards: [ "T", "8", "Q", "6", "6" ],
    bid: 377,
    type: 2
  }, {
    cards: [ "T", "7", "Q", "T", "3" ],
    bid: 562,
    type: 2
  }, {
    cards: [ "T", "6", "A", "4", "A" ],
    bid: 171,
    type: 2
  }, {
    cards: [ "T", "6", "5", "5", "4" ],
    bid: 647,
    type: 2
  }, {
    cards: [ "T", "5", "A", "5", "7" ],
    bid: 174,
    type: 2
  }, {
    cards: [ "T", "5", "7", "A", "J" ],
    bid: 920,
    type: 2
  }, {
    cards: [ "T", "4", "6", "Q", "4" ],
    bid: 18,
    type: 2
  }, {
    cards: [ "T", "3", "K", "5", "5" ],
    bid: 165,
    type: 2
  }, {
    cards: [ "T", "3", "Q", "Q", "4" ],
    bid: 327,
    type: 2
  }, {
    cards: [ "T", "3", "Q", "6", "3" ],
    bid: 356,
    type: 2
  }, {
    cards: [ "T", "3", "5", "3", "Q" ],
    bid: 342,
    type: 2
  }, {
    cards: [ "T", "2", "9", "3", "2" ],
    bid: 244,
    type: 2
  }, {
    cards: [ "T", "2", "8", "7", "T" ],
    bid: 381,
    type: 2
  }, {
    cards: [ "T", "J", "K", "A", "6" ],
    bid: 951,
    type: 2
  }, {
    cards: [ "9", "A", "Q", "2", "J" ],
    bid: 702,
    type: 2
  }, {
    cards: [ "9", "A", "T", "7", "J" ],
    bid: 787,
    type: 2
  }, {
    cards: [ "9", "K", "6", "K", "4" ],
    bid: 331,
    type: 2
  }, {
    cards: [ "9", "Q", "K", "5", "9" ],
    bid: 179,
    type: 2
  }, {
    cards: [ "9", "8", "2", "4", "2" ],
    bid: 411,
    type: 2
  }, {
    cards: [ "9", "8", "J", "2", "A" ],
    bid: 451,
    type: 2
  }, {
    cards: [ "9", "7", "6", "5", "6" ],
    bid: 683,
    type: 2
  }, {
    cards: [ "9", "5", "9", "7", "T" ],
    bid: 474,
    type: 2
  }, {
    cards: [ "9", "3", "K", "3", "5" ],
    bid: 413,
    type: 2
  }, {
    cards: [ "9", "2", "A", "6", "J" ],
    bid: 322,
    type: 2
  }, {
    cards: [ "8", "K", "T", "4", "J" ],
    bid: 111,
    type: 2
  }, {
    cards: [ "8", "Q", "7", "3", "J" ],
    bid: 204,
    type: 2
  }, {
    cards: [ "8", "Q", "J", "A", "7" ],
    bid: 574,
    type: 2
  }, {
    cards: [ "8", "T", "K", "A", "J" ],
    bid: 255,
    type: 2
  }, {
    cards: [ "8", "T", "K", "6", "8" ],
    bid: 851,
    type: 2
  }, {
    cards: [ "8", "9", "Q", "9", "K" ],
    bid: 127,
    type: 2
  }, {
    cards: [ "8", "9", "8", "4", "2" ],
    bid: 339,
    type: 2
  }, {
    cards: [ "8", "9", "6", "6", "5" ],
    bid: 358,
    type: 2
  }, {
    cards: [ "8", "8", "K", "T", "7" ],
    bid: 942,
    type: 2
  }, {
    cards: [ "8", "7", "Q", "8", "4" ],
    bid: 51,
    type: 2
  }, {
    cards: [ "8", "6", "Q", "3", "6" ],
    bid: 477,
    type: 2
  }, {
    cards: [ "8", "6", "5", "9", "J" ],
    bid: 845,
    type: 2
  }, {
    cards: [ "8", "5", "K", "4", "8" ],
    bid: 812,
    type: 2
  }, {
    cards: [ "8", "5", "Q", "A", "A" ],
    bid: 900,
    type: 2
  }, {
    cards: [ "8", "5", "4", "7", "5" ],
    bid: 622,
    type: 2
  }, {
    cards: [ "8", "5", "J", "7", "T" ],
    bid: 763,
    type: 2
  }, {
    cards: [ "8", "4", "A", "8", "2" ],
    bid: 511,
    type: 2
  }, {
    cards: [ "8", "3", "4", "3", "9" ],
    bid: 870,
    type: 2
  }, {
    cards: [ "8", "3", "3", "7", "T" ],
    bid: 826,
    type: 2
  }, {
    cards: [ "8", "2", "9", "J", "5" ],
    bid: 890,
    type: 2
  }, {
    cards: [ "8", "2", "4", "9", "J" ],
    bid: 433,
    type: 2
  }, {
    cards: [ "8", "J", "3", "A", "7" ],
    bid: 249,
    type: 2
  }, {
    cards: [ "7", "A", "K", "3", "J" ],
    bid: 437,
    type: 2
  }, {
    cards: [ "7", "A", "9", "J", "2" ],
    bid: 98,
    type: 2
  }, {
    cards: [ "7", "K", "4", "J", "5" ],
    bid: 347,
    type: 2
  }, {
    cards: [ "7", "T", "5", "8", "5" ],
    bid: 657,
    type: 2
  }, {
    cards: [ "7", "T", "3", "J", "A" ],
    bid: 772,
    type: 2
  }, {
    cards: [ "7", "9", "J", "3", "Q" ],
    bid: 418,
    type: 2
  }, {
    cards: [ "7", "7", "6", "K", "Q" ],
    bid: 694,
    type: 2
  }, {
    cards: [ "7", "6", "5", "Q", "Q" ],
    bid: 608,
    type: 2
  }, {
    cards: [ "7", "4", "8", "4", "2" ],
    bid: 584,
    type: 2
  }, {
    cards: [ "7", "4", "5", "7", "2" ],
    bid: 151,
    type: 2
  }, {
    cards: [ "7", "2", "K", "T", "7" ],
    bid: 128,
    type: 2
  }, {
    cards: [ "7", "2", "3", "9", "3" ],
    bid: 968,
    type: 2
  }, {
    cards: [ "7", "2", "J", "6", "5" ],
    bid: 146,
    type: 2
  }, {
    cards: [ "7", "J", "8", "K", "T" ],
    bid: 496,
    type: 2
  }, {
    cards: [ "6", "A", "A", "K", "T" ],
    bid: 719,
    type: 2
  }, {
    cards: [ "6", "A", "A", "5", "8" ],
    bid: 500,
    type: 2
  }, {
    cards: [ "6", "A", "T", "7", "J" ],
    bid: 387,
    type: 2
  }, {
    cards: [ "6", "A", "7", "A", "4" ],
    bid: 368,
    type: 2
  }, {
    cards: [ "6", "K", "6", "2", "A" ],
    bid: 611,
    type: 2
  }, {
    cards: [ "6", "K", "5", "8", "8" ],
    bid: 697,
    type: 2
  }, {
    cards: [ "6", "T", "J", "9", "8" ],
    bid: 568,
    type: 2
  }, {
    cards: [ "6", "T", "J", "9", "5" ],
    bid: 156,
    type: 2
  }, {
    cards: [ "6", "8", "J", "T", "4" ],
    bid: 808,
    type: 2
  }, {
    cards: [ "6", "7", "K", "A", "J" ],
    bid: 444,
    type: 2
  }, {
    cards: [ "6", "7", "7", "9", "Q" ],
    bid: 658,
    type: 2
  }, {
    cards: [ "6", "5", "K", "A", "6" ],
    bid: 935,
    type: 2
  }, {
    cards: [ "6", "4", "8", "8", "5" ],
    bid: 792,
    type: 2
  }, {
    cards: [ "6", "3", "J", "8", "2" ],
    bid: 434,
    type: 2
  }, {
    cards: [ "6", "J", "T", "4", "2" ],
    bid: 46,
    type: 2
  }, {
    cards: [ "6", "J", "9", "4", "T" ],
    bid: 791,
    type: 2
  }, {
    cards: [ "5", "A", "7", "J", "Q" ],
    bid: 212,
    type: 2
  }, {
    cards: [ "5", "K", "5", "8", "6" ],
    bid: 904,
    type: 2
  }, {
    cards: [ "5", "Q", "3", "3", "8" ],
    bid: 573,
    type: 2
  }, {
    cards: [ "5", "T", "T", "A", "6" ],
    bid: 367,
    type: 2
  }, {
    cards: [ "5", "T", "5", "9", "8" ],
    bid: 24,
    type: 2
  }, {
    cards: [ "5", "8", "T", "T", "2" ],
    bid: 936,
    type: 2
  }, {
    cards: [ "5", "8", "T", "5", "K" ],
    bid: 388,
    type: 2
  }, {
    cards: [ "5", "8", "4", "5", "9" ],
    bid: 954,
    type: 2
  }, {
    cards: [ "5", "6", "7", "J", "Q" ],
    bid: 398,
    type: 2
  }, {
    cards: [ "5", "5", "7", "2", "Q" ],
    bid: 827,
    type: 2
  }, {
    cards: [ "5", "4", "2", "A", "2" ],
    bid: 376,
    type: 2
  }, {
    cards: [ "5", "3", "6", "T", "5" ],
    bid: 80,
    type: 2
  }, {
    cards: [ "5", "2", "3", "9", "5" ],
    bid: 428,
    type: 2
  }, {
    cards: [ "5", "2", "2", "T", "Q" ],
    bid: 991,
    type: 2
  }, {
    cards: [ "5", "2", "2", "8", "4" ],
    bid: 67,
    type: 2
  }, {
    cards: [ "4", "A", "4", "T", "6" ],
    bid: 600,
    type: 2
  }, {
    cards: [ "4", "A", "J", "9", "T" ],
    bid: 774,
    type: 2
  }, {
    cards: [ "4", "K", "K", "Q", "T" ],
    bid: 894,
    type: 2
  }, {
    cards: [ "4", "K", "7", "Q", "J" ],
    bid: 883,
    type: 2
  }, {
    cards: [ "4", "K", "6", "Q", "K" ],
    bid: 258,
    type: 2
  }, {
    cards: [ "4", "Q", "9", "4", "2" ],
    bid: 396,
    type: 2
  }, {
    cards: [ "4", "T", "6", "3", "J" ],
    bid: 895,
    type: 2
  }, {
    cards: [ "4", "T", "J", "8", "7" ],
    bid: 867,
    type: 2
  }, {
    cards: [ "4", "9", "T", "8", "9" ],
    bid: 190,
    type: 2
  }, {
    cards: [ "4", "8", "3", "8", "5" ],
    bid: 625,
    type: 2
  }, {
    cards: [ "4", "7", "A", "J", "Q" ],
    bid: 799,
    type: 2
  }, {
    cards: [ "4", "7", "T", "3", "7" ],
    bid: 745,
    type: 2
  }, {
    cards: [ "4", "7", "6", "2", "4" ],
    bid: 206,
    type: 2
  }, {
    cards: [ "4", "7", "3", "6", "3" ],
    bid: 692,
    type: 2
  }, {
    cards: [ "4", "6", "A", "4", "Q" ],
    bid: 711,
    type: 2
  }, {
    cards: [ "4", "6", "K", "J", "7" ],
    bid: 642,
    type: 2
  }, {
    cards: [ "4", "6", "Q", "6", "3" ],
    bid: 953,
    type: 2
  }, {
    cards: [ "4", "4", "K", "6", "A" ],
    bid: 52,
    type: 2
  }, {
    cards: [ "4", "4", "6", "Q", "K" ],
    bid: 304,
    type: 2
  }, {
    cards: [ "4", "3", "8", "T", "J" ],
    bid: 899,
    type: 2
  }, {
    cards: [ "4", "3", "J", "5", "K" ],
    bid: 295,
    type: 2
  }, {
    cards: [ "4", "2", "3", "6", "J" ],
    bid: 197,
    type: 2
  }, {
    cards: [ "3", "K", "3", "5", "7" ],
    bid: 168,
    type: 2
  }, {
    cards: [ "3", "K", "2", "T", "J" ],
    bid: 848,
    type: 2
  }, {
    cards: [ "3", "T", "K", "4", "4" ],
    bid: 443,
    type: 2
  }, {
    cards: [ "3", "T", "8", "Q", "Q" ],
    bid: 891,
    type: 2
  }, {
    cards: [ "3", "T", "2", "4", "3" ],
    bid: 245,
    type: 2
  }, {
    cards: [ "3", "9", "9", "A", "8" ],
    bid: 927,
    type: 2
  }, {
    cards: [ "3", "9", "7", "3", "8" ],
    bid: 634,
    type: 2
  }, {
    cards: [ "3", "8", "8", "4", "7" ],
    bid: 640,
    type: 2
  }, {
    cards: [ "3", "7", "A", "7", "Q" ],
    bid: 264,
    type: 2
  }, {
    cards: [ "3", "7", "5", "6", "5" ],
    bid: 478,
    type: 2
  }, {
    cards: [ "3", "5", "A", "A", "T" ],
    bid: 814,
    type: 2
  }, {
    cards: [ "3", "5", "9", "8", "9" ],
    bid: 430,
    type: 2
  }, {
    cards: [ "3", "4", "K", "K", "2" ],
    bid: 551,
    type: 2
  }, {
    cards: [ "3", "4", "T", "4", "7" ],
    bid: 542,
    type: 2
  }, {
    cards: [ "3", "3", "9", "5", "Q" ],
    bid: 668,
    type: 2
  }, {
    cards: [ "3", "3", "9", "5", "8" ],
    bid: 70,
    type: 2
  }, {
    cards: [ "3", "3", "5", "T", "K" ],
    bid: 118,
    type: 2
  }, {
    cards: [ "3", "2", "T", "Q", "3" ],
    bid: 320,
    type: 2
  }, {
    cards: [ "3", "J", "A", "T", "Q" ],
    bid: 576,
    type: 2
  }, {
    cards: [ "2", "A", "A", "5", "4" ],
    bid: 230,
    type: 2
  }, {
    cards: [ "2", "A", "K", "K", "6" ],
    bid: 898,
    type: 2
  }, {
    cards: [ "2", "A", "K", "3", "J" ],
    bid: 462,
    type: 2
  }, {
    cards: [ "2", "A", "9", "9", "6" ],
    bid: 768,
    type: 2
  }, {
    cards: [ "2", "A", "2", "8", "7" ],
    bid: 199,
    type: 2
  }, {
    cards: [ "2", "K", "K", "Q", "A" ],
    bid: 947,
    type: 2
  }, {
    cards: [ "2", "K", "9", "K", "T" ],
    bid: 753,
    type: 2
  }, {
    cards: [ "2", "K", "2", "Q", "8" ],
    bid: 121,
    type: 2
  }, {
    cards: [ "2", "Q", "2", "8", "7" ],
    bid: 762,
    type: 2
  }, {
    cards: [ "2", "T", "K", "4", "J" ],
    bid: 588,
    type: 2
  }, {
    cards: [ "2", "T", "8", "J", "3" ],
    bid: 773,
    type: 2
  }, {
    cards: [ "2", "T", "7", "T", "K" ],
    bid: 261,
    type: 2
  }, {
    cards: [ "2", "T", "7", "T", "Q" ],
    bid: 28,
    type: 2
  }, {
    cards: [ "2", "T", "2", "4", "8" ],
    bid: 187,
    type: 2
  }, {
    cards: [ "2", "9", "K", "2", "7" ],
    bid: 429,
    type: 2
  }, {
    cards: [ "2", "8", "A", "7", "7" ],
    bid: 143,
    type: 2
  }, {
    cards: [ "2", "8", "8", "6", "Q" ],
    bid: 934,
    type: 2
  }, {
    cards: [ "2", "7", "A", "4", "2" ],
    bid: 688,
    type: 2
  }, {
    cards: [ "2", "6", "A", "A", "T" ],
    bid: 524,
    type: 2
  }, {
    cards: [ "2", "5", "9", "2", "7" ],
    bid: 233,
    type: 2
  }, {
    cards: [ "2", "4", "K", "6", "2" ],
    bid: 750,
    type: 2
  }, {
    cards: [ "2", "3", "4", "J", "K" ],
    bid: 383,
    type: 2
  }, {
    cards: [ "2", "3", "2", "7", "6" ],
    bid: 81,
    type: 2
  }, {
    cards: [ "2", "2", "3", "A", "K" ],
    bid: 113,
    type: 2
  }, {
    cards: [ "2", "J", "K", "Q", "3" ],
    bid: 969,
    type: 2
  }, {
    cards: [ "2", "J", "7", "6", "Q" ],
    bid: 514,
    type: 2
  }, {
    cards: [ "J", "A", "8", "7", "K" ],
    bid: 905,
    type: 2
  }, {
    cards: [ "J", "A", "7", "5", "9" ],
    bid: 631,
    type: 2
  }, {
    cards: [ "J", "Q", "A", "K", "T" ],
    bid: 675,
    type: 2
  }, {
    cards: [ "J", "T", "Q", "9", "8" ],
    bid: 17,
    type: 2
  }, {
    cards: [ "J", "T", "Q", "6", "K" ],
    bid: 910,
    type: 2
  }, {
    cards: [ "J", "7", "T", "Q", "4" ],
    bid: 172,
    type: 2
  }, {
    cards: [ "J", "7", "3", "T", "Q" ],
    bid: 586,
    type: 2
  }, {
    cards: [ "J", "6", "A", "Q", "9" ],
    bid: 767,
    type: 2
  }, {
    cards: [ "J", "6", "7", "9", "T" ],
    bid: 36,
    type: 2
  }, {
    cards: [ "J", "6", "7", "5", "8" ],
    bid: 273,
    type: 2
  }, {
    cards: [ "J", "6", "4", "3", "5" ],
    bid: 79,
    type: 2
  }, {
    cards: [ "J", "4", "2", "7", "5" ],
    bid: 71,
    type: 2
  }, {
    cards: [ "J", "3", "9", "K", "Q" ],
    bid: 933,
    type: 2
  }, {
    cards: [ "J", "3", "7", "K", "Q" ],
    bid: 513,
    type: 2
  }, {
    cards: [ "J", "3", "7", "T", "6" ],
    bid: 180,
    type: 2
  }, {
    cards: [ "J", "2", "T", "9", "5" ],
    bid: 989,
    type: 2
  }, {
    cards: [ "J", "2", "5", "Q", "T" ],
    bid: 852,
    type: 2
  }, {
    cards: [ "A", "T", "7", "6", "K" ],
    bid: 945,
    type: 1
  }, {
    cards: [ "A", "9", "T", "2", "7" ],
    bid: 100,
    type: 1
  }, {
    cards: [ "A", "9", "6", "5", "Q" ],
    bid: 860,
    type: 1
  }, {
    cards: [ "A", "7", "9", "4", "K" ],
    bid: 242,
    type: 1
  }, {
    cards: [ "A", "5", "3", "Q", "6" ],
    bid: 37,
    type: 1
  }, {
    cards: [ "A", "4", "K", "Q", "3" ],
    bid: 58,
    type: 1
  }, {
    cards: [ "A", "2", "9", "Q", "3" ],
    bid: 283,
    type: 1
  }, {
    cards: [ "K", "Q", "A", "3", "T" ],
    bid: 346,
    type: 1
  }, {
    cards: [ "K", "Q", "2", "T", "A" ],
    bid: 74,
    type: 1
  }, {
    cards: [ "K", "9", "4", "A", "2" ],
    bid: 516,
    type: 1
  }, {
    cards: [ "K", "8", "A", "Q", "4" ],
    bid: 155,
    type: 1
  }, {
    cards: [ "K", "8", "A", "T", "7" ],
    bid: 471,
    type: 1
  }, {
    cards: [ "K", "8", "T", "A", "4" ],
    bid: 858,
    type: 1
  }, {
    cards: [ "K", "7", "A", "2", "Q" ],
    bid: 777,
    type: 1
  }, {
    cards: [ "K", "7", "6", "9", "2" ],
    bid: 530,
    type: 1
  }, {
    cards: [ "K", "7", "3", "2", "Q" ],
    bid: 498,
    type: 1
  }, {
    cards: [ "K", "6", "4", "Q", "9" ],
    bid: 704,
    type: 1
  }, {
    cards: [ "K", "5", "2", "8", "4" ],
    bid: 216,
    type: 1
  }, {
    cards: [ "K", "4", "3", "7", "T" ],
    bid: 838,
    type: 1
  }, {
    cards: [ "K", "4", "2", "A", "6" ],
    bid: 490,
    type: 1
  }, {
    cards: [ "Q", "A", "5", "6", "2" ],
    bid: 395,
    type: 1
  }, {
    cards: [ "Q", "K", "2", "5", "T" ],
    bid: 488,
    type: 1
  }, {
    cards: [ "Q", "7", "6", "9", "K" ],
    bid: 290,
    type: 1
  }, {
    cards: [ "Q", "6", "8", "3", "2" ],
    bid: 256,
    type: 1
  }, {
    cards: [ "Q", "5", "T", "4", "2" ],
    bid: 86,
    type: 1
  }, {
    cards: [ "Q", "4", "K", "6", "T" ],
    bid: 16,
    type: 1
  }, {
    cards: [ "Q", "4", "5", "2", "8" ],
    bid: 811,
    type: 1
  }, {
    cards: [ "Q", "3", "9", "6", "2" ],
    bid: 929,
    type: 1
  }, {
    cards: [ "Q", "3", "8", "K", "A" ],
    bid: 122,
    type: 1
  }, {
    cards: [ "Q", "2", "A", "T", "3" ],
    bid: 363,
    type: 1
  }, {
    cards: [ "Q", "2", "9", "8", "4" ],
    bid: 833,
    type: 1
  }, {
    cards: [ "T", "9", "2", "A", "8" ],
    bid: 509,
    type: 1
  }, {
    cards: [ "T", "5", "4", "6", "2" ],
    bid: 547,
    type: 1
  }, {
    cards: [ "T", "4", "9", "Q", "A" ],
    bid: 240,
    type: 1
  }, {
    cards: [ "9", "K", "8", "2", "4" ],
    bid: 369,
    type: 1
  }, {
    cards: [ "9", "Q", "T", "4", "K" ],
    bid: 752,
    type: 1
  }, {
    cards: [ "9", "Q", "2", "K", "A" ],
    bid: 503,
    type: 1
  }, {
    cards: [ "9", "T", "2", "4", "8" ],
    bid: 105,
    type: 1
  }, {
    cards: [ "9", "8", "K", "3", "4" ],
    bid: 246,
    type: 1
  }, {
    cards: [ "9", "8", "4", "T", "5" ],
    bid: 724,
    type: 1
  }, {
    cards: [ "9", "7", "A", "Q", "5" ],
    bid: 326,
    type: 1
  }, {
    cards: [ "9", "3", "7", "2", "6" ],
    bid: 679,
    type: 1
  }, {
    cards: [ "9", "3", "4", "K", "5" ],
    bid: 392,
    type: 1
  }, {
    cards: [ "8", "K", "A", "T", "2" ],
    bid: 22,
    type: 1
  }, {
    cards: [ "8", "K", "5", "3", "9" ],
    bid: 769,
    type: 1
  }, {
    cards: [ "8", "Q", "K", "A", "6" ],
    bid: 473,
    type: 1
  }, {
    cards: [ "8", "Q", "6", "2", "7" ],
    bid: 397,
    type: 1
  }, {
    cards: [ "8", "T", "5", "A", "4" ],
    bid: 624,
    type: 1
  }, {
    cards: [ "8", "9", "7", "A", "3" ],
    bid: 580,
    type: 1
  }, {
    cards: [ "8", "9", "6", "4", "3" ],
    bid: 362,
    type: 1
  }, {
    cards: [ "8", "9", "3", "T", "7" ],
    bid: 13,
    type: 1
  }, {
    cards: [ "8", "6", "K", "7", "9" ],
    bid: 930,
    type: 1
  }, {
    cards: [ "8", "5", "4", "9", "6" ],
    bid: 663,
    type: 1
  }, {
    cards: [ "8", "2", "7", "K", "T" ],
    bid: 163,
    type: 1
  }, {
    cards: [ "7", "A", "T", "Q", "4" ],
    bid: 794,
    type: 1
  }, {
    cards: [ "7", "K", "Q", "3", "5" ],
    bid: 158,
    type: 1
  }, {
    cards: [ "7", "9", "6", "2", "5" ],
    bid: 481,
    type: 1
  }, {
    cards: [ "7", "8", "T", "Q", "K" ],
    bid: 132,
    type: 1
  }, {
    cards: [ "7", "5", "3", "4", "A" ],
    bid: 114,
    type: 1
  }, {
    cards: [ "7", "4", "K", "2", "5" ],
    bid: 552,
    type: 1
  }, {
    cards: [ "7", "3", "Q", "5", "2" ],
    bid: 714,
    type: 1
  }, {
    cards: [ "7", "3", "6", "5", "A" ],
    bid: 662,
    type: 1
  }, {
    cards: [ "6", "Q", "A", "7", "T" ],
    bid: 788,
    type: 1
  }, {
    cards: [ "6", "9", "3", "K", "T" ],
    bid: 670,
    type: 1
  }, {
    cards: [ "6", "4", "8", "K", "7" ],
    bid: 938,
    type: 1
  }, {
    cards: [ "6", "3", "A", "9", "Q" ],
    bid: 720,
    type: 1
  }, {
    cards: [ "6", "3", "7", "2", "Q" ],
    bid: 56,
    type: 1
  }, {
    cards: [ "5", "A", "K", "7", "9" ],
    bid: 169,
    type: 1
  }, {
    cards: [ "5", "A", "K", "7", "2" ],
    bid: 407,
    type: 1
  }, {
    cards: [ "5", "A", "7", "2", "Q" ],
    bid: 593,
    type: 1
  }, {
    cards: [ "5", "A", "3", "2", "9" ],
    bid: 727,
    type: 1
  }, {
    cards: [ "5", "K", "4", "8", "A" ],
    bid: 976,
    type: 1
  }, {
    cards: [ "5", "T", "Q", "A", "2" ],
    bid: 64,
    type: 1
  }, {
    cards: [ "5", "T", "9", "2", "Q" ],
    bid: 33,
    type: 1
  }, {
    cards: [ "5", "9", "6", "K", "8" ],
    bid: 23,
    type: 1
  }, {
    cards: [ "5", "9", "6", "4", "K" ],
    bid: 176,
    type: 1
  }, {
    cards: [ "5", "8", "7", "9", "T" ],
    bid: 335,
    type: 1
  }, {
    cards: [ "5", "4", "6", "K", "8" ],
    bid: 484,
    type: 1
  }, {
    cards: [ "5", "3", "2", "9", "Q" ],
    bid: 104,
    type: 1
  }, {
    cards: [ "4", "A", "5", "K", "9" ],
    bid: 136,
    type: 1
  }, {
    cards: [ "4", "K", "9", "T", "6" ],
    bid: 162,
    type: 1
  }, {
    cards: [ "4", "T", "A", "8", "7" ],
    bid: 818,
    type: 1
  }, {
    cards: [ "4", "T", "K", "9", "8" ],
    bid: 287,
    type: 1
  }, {
    cards: [ "4", "9", "7", "Q", "2" ],
    bid: 21,
    type: 1
  }, {
    cards: [ "4", "9", "3", "A", "K" ],
    bid: 970,
    type: 1
  }, {
    cards: [ "4", "7", "Q", "K", "A" ],
    bid: 504,
    type: 1
  }, {
    cards: [ "4", "7", "Q", "9", "8" ],
    bid: 109,
    type: 1
  }, {
    cards: [ "4", "5", "7", "T", "3" ],
    bid: 717,
    type: 1
  }, {
    cards: [ "4", "3", "Q", "8", "9" ],
    bid: 211,
    type: 1
  }, {
    cards: [ "4", "3", "7", "Q", "5" ],
    bid: 445,
    type: 1
  }, {
    cards: [ "4", "2", "A", "Q", "8" ],
    bid: 856,
    type: 1
  }, {
    cards: [ "4", "2", "7", "3", "8" ],
    bid: 27,
    type: 1
  }, {
    cards: [ "3", "K", "9", "7", "T" ],
    bid: 678,
    type: 1
  }, {
    cards: [ "3", "K", "8", "9", "7" ],
    bid: 975,
    type: 1
  }, {
    cards: [ "3", "9", "5", "T", "4" ],
    bid: 546,
    type: 1
  }, {
    cards: [ "3", "7", "2", "9", "A" ],
    bid: 191,
    type: 1
  }, {
    cards: [ "3", "5", "K", "4", "7" ],
    bid: 655,
    type: 1
  }, {
    cards: [ "3", "4", "Q", "5", "9" ],
    bid: 167,
    type: 1
  }, {
    cards: [ "3", "2", "K", "8", "T" ],
    bid: 610,
    type: 1
  }, {
    cards: [ "2", "A", "4", "9", "8" ],
    bid: 534,
    type: 1
  }, {
    cards: [ "2", "K", "6", "8", "7" ],
    bid: 60,
    type: 1
  }, {
    cards: [ "2", "K", "4", "T", "3" ],
    bid: 352,
    type: 1
  }, {
    cards: [ "2", "K", "3", "6", "4" ],
    bid: 921,
    type: 1
  }, {
    cards: [ "2", "9", "K", "6", "3" ],
    bid: 400,
    type: 1
  }, {
    cards: [ "2", "9", "Q", "5", "6" ],
    bid: 262,
    type: 1
  }, {
    cards: [ "2", "8", "9", "3", "6" ],
    bid: 699,
    type: 1
  }, {
    cards: [ "2", "7", "4", "5", "6" ],
    bid: 239,
    type: 1
  }, {
    cards: [ "2", "6", "3", "7", "K" ],
    bid: 617,
    type: 1
  }, {
    cards: [ "2", "5", "8", "3", "A" ],
    bid: 4,
    type: 1
  }
]
250878916
