
Day 1
300
159

Day 2
48584
563B6

Day 3
1050
1921

Day 4
185371
984

Day 5
1a3099aa
694190cd

Day 6
mlncjgdg
bipjaytb

Day 7
110
242

Day 8
106
 ##  #### #    #### #     ##  #   #####  ##   ### 
#  # #    #    #    #    #  # #   ##    #  # #    
#    ###  #    ###  #    #  #  # # ###  #    #    
#    #    #    #    #    #  #   #  #    #     ##  
#  # #    #    #    #    #  #   #  #    #  #    # 
 ##  #    #### #### ####  ##    #  #     ##  ###  


Day 9
138735
11125026826

Day 10
93
47101

Day 11
31
55

Day 12
318003
9227657

Day 13
82
138

Day 14
18626
20092

Day 15
376777
3903937

Day 16
11101010111100010
01001101001000101

Day 17
DDRLRRUDDR
556

Day 18
1963
20009568

Day 19
1834471
1420064

Day 20
14975795
101

Day 21
ghfacdbe
fhgcdaeb

Day 22
1003
192

Day 23
13958
479010518

