Day 1

Part 1 (1ms)
69626

Part 2 (0ms)
206780

Total (1ms)

----------------------------

Day 2

Part 1 (2ms)
15523

Part 2 (1ms)
15702

Total (3ms)

----------------------------

Day 3

Part 1 (0ms)
8123

Part 2 (1ms)
2620

Total (1ms)

----------------------------

Day 4

Part 1 (1ms)
475

Part 2 (1ms)
825

Total (2ms)

----------------------------

Day 5

Part 1 (1ms)
WCZTHTMPS

Part 2 (0ms)
BLSGJSDTS

Total (1ms)

----------------------------

Day 6

Part 1 (0ms)
1134

Part 2 (1ms)
2263

Total (1ms)

----------------------------

Day 7

Part 1 (2ms)
1350966

Part 2 (0ms)
6296435

Total (2ms)

----------------------------

Day 8

Part 1 (7ms)
1845

Part 2 (57ms)
230112

Total (64ms)

----------------------------

Day 9

Part 1 (9ms)
5878

Part 2 (5ms)
2405

Total (14ms)

----------------------------

Day 10

Part 1 (0ms)
15260

Part 2 (0ms)

###...##..#..#.####..##..#....#..#..##..
#..#.#..#.#..#.#....#..#.#....#..#.#..#.
#..#.#....####.###..#....#....#..#.#....
###..#.##.#..#.#....#.##.#....#..#.#.##.
#....#..#.#..#.#....#..#.#....#..#.#..#.
#.....###.#..#.#.....###.####..##...###.


Total (0ms)

----------------------------

Day 11

Part 1 (1ms)
110264

Part 2 (33ms)
23612457316

Total (34ms)

----------------------------

Day 12

Load (8ms)

Part 1 (0ms)
534

Part 2 (1ms)
525

Total (9ms)

----------------------------

Day 13

Part 1 (4ms)
6428

Part 2 (5ms)
22464

Total (9ms)

----------------------------

Day 14

Part 1 (4ms)
1001

Part 2 (9ms)
27976

Total (13ms)

----------------------------

Day 15

Part 1 (190ms)
5112034

Part 2 (397ms)
13172087230812

Total (587ms)

----------------------------

